#
# A fatal error has been detected by the Java Runtime Environment:
#
#  EXCEPTION_ACCESS_VIOLATION (0xc0000005) at pc=0x0000000003f0a0c4, pid=10980, tid=0x00000000000021a4
#
# JRE version: OpenJDK Runtime Environment (8.0_152-b02) (build 1.8.0_152-release-1024-b02)
# Java VM: OpenJDK 64-Bit Server VM (25.152-b02 mixed mode windows-amd64 compressed oops)
# Problematic frame:
# J 3624 C2 java.util.HashMap.resize()[Ljava/util/HashMap$Node; (359 bytes) @ 0x0000000003f0a0c4 [0x0000000003f09e60+0x264]
#
# Failed to write core dump. Minidumps are not enabled by default on client versions of Windows
#
# If you would like to submit a bug report, please visit:
#   http://bugreport.java.com/bugreport/crash.jsp
#

---------------  T H R E A D  ---------------

Current thread (0x000000001bf6b000):  JavaThread "Daemon worker" [_thread_in_Java, id=8612, stack(0x000000001e250000,0x000000001e350000)]

siginfo: ExceptionCode=0xc0000005, reading address 0x0000000000001018

Registers:
RAX=0x00000000e4db43d8, RBX=0x000000001687b700, RCX=0x0000000000000000, RDX=0x0000000000001000
RSP=0x000000001e347570, RBP=0x0000000000000000, RSI=0x0000000000000000, RDI=0x00000000e4db54a0
R8 =0x0000000000000001, R9 =0x0000000000001000, R10=0x0000000000001000, R11=0x000000000000001f
R12=0x0000000000000000, R13=0x00000000e4db5410, R14=0x0000000012280000, R15=0x000000001bf6b000
RIP=0x0000000003f0a0c4, EFLAGS=0x0000000000010206

Top of Stack: (sp=0x000000001e347570)
0x000000001e347570:   00000000e4db43d8 0000002003b72e0c
0x000000001e347580:   00000000e4dafdb0 0000000000000010
0x000000001e347590:   00000000e4db53c0 00000000a000ef90
0x000000001e3475a0:   0000000000000000 00000000e4db4ff8
0x000000001e3475b0:   000000000000001f 00000000e4db53d8
0x000000001e3475c0:   0000000000000001 0000000003f0b8a4
0x000000001e3475d0:   00000000e4dafdb0 00000001b11f9a57
0x000000001e3475e0:   00000000e4dafdb0 00000000a000ef90
0x000000001e3475f0:   0000000100000000 00000000e4db43d8
0x000000001e347600:   00000000e4db53c0 00000000fb91b244
0x000000001e347610:   00000001000119a8 00000000038debbd
0x000000001e347620:   00000000e4db53c0 00000000036457c0
0x000000001e347630:   00000000e4dafdb0 0000000000000000
0x000000001e347640:   00000000e4dab290 00000000e4db0010
0x000000001e347650:   00001a3948f1e030 00000000e4dab290
0x000000001e347660:   000000001e3477d8 0000000003b02554 

Instructions: (pc=0x0000000003f0a0c4)
0x0000000003f0a0a4:   18 0f 8d 4a ff ff ff 44 8b 14 24 47 8b 4c 82 10
0x0000000003f0a0b4:   45 85 c9 74 e4 47 89 64 82 10 49 8b d1 4c 8b d2
0x0000000003f0a0c4:   45 3b 61 18 74 4e 41 8b 49 08 81 f9 2b 6b 00 20
0x0000000003f0a0d4:   0f 85 18 01 00 00 44 89 44 24 08 48 89 44 24 20 


Register to memory mapping:

RAX=0x00000000e4db43d8 is an oop
[Ljava.util.HashMap$Node; 
 - klass: 'java/util/HashMap$Node'[]
 - length: 16
RBX={method} {0x000000001687b708} 'newNode' '(ILjava/lang/Object;Ljava/lang/Object;Ljava/util/HashMap$Node;)Ljava/util/HashMap$Node;' in 'java/util/HashMap'
RCX=0x0000000000000000 is an unknown value
RDX=0x0000000000001000 is an unknown value
RSP=0x000000001e347570 is pointing into the stack for thread: 0x000000001bf6b000
RBP=0x0000000000000000 is an unknown value
RSI=0x0000000000000000 is an unknown value
RDI=0x00000000e4db54a0 is an oop

[error occurred during error reporting (printing register info), id 0xc0000005]

Stack: [0x000000001e250000,0x000000001e350000],  sp=0x000000001e347570,  free space=989k
Native frames: (J=compiled Java code, j=interpreted, Vv=VM code, C=native code)


---------------  P R O C E S S  ---------------

Java Threads: ( => current thread )
  0x0000000024322000 JavaThread "Memory manager" [_thread_blocked, id=8436, stack(0x0000000024e70000,0x0000000024f70000)]
  0x000000001f6ee800 JavaThread "build operations Thread 8" [_thread_blocked, id=4088, stack(0x0000000024b20000,0x0000000024c20000)]
  0x000000001f6ee000 JavaThread "build operations Thread 7" [_thread_blocked, id=3644, stack(0x0000000024a20000,0x0000000024b20000)]
  0x000000001f6ed000 JavaThread "build operations Thread 6" [_thread_blocked, id=9056, stack(0x0000000024920000,0x0000000024a20000)]
  0x000000001f6e4800 JavaThread "build operations Thread 5" [_thread_blocked, id=3448, stack(0x0000000024820000,0x0000000024920000)]
  0x000000001f6eb800 JavaThread "build operations Thread 4" [_thread_blocked, id=3288, stack(0x0000000024720000,0x0000000024820000)]
  0x000000001f6e7800 JavaThread "build operations Thread 3" [_thread_blocked, id=10948, stack(0x0000000023420000,0x0000000023520000)]
  0x000000001f6e5800 JavaThread "build operations Thread 2" [_thread_blocked, id=8452, stack(0x0000000023320000,0x0000000023420000)]
  0x000000001f6e8800 JavaThread "build operations" [_thread_blocked, id=1476, stack(0x0000000021de0000,0x0000000021ee0000)]
  0x000000001f6e6000 JavaThread "Cache worker for Artifact transforms cache (C:\Users\Ahrorus\.gradle\caches\transforms-1)" [_thread_blocked, id=6120, stack(0x0000000021ac0000,0x0000000021bc0000)]
  0x0000000019e34000 JavaThread "Cache worker for file hash cache (D:\Flutter_Projects\salaah_time\android\.gradle\4.1\fileHashes)" [_thread_blocked, id=6200, stack(0x000000001fa20000,0x000000001fb20000)]
  0x000000001b637800 JavaThread "File lock request listener" [_thread_in_native, id=9304, stack(0x000000001e750000,0x000000001e850000)]
  0x0000000018795000 JavaThread "Cache worker for file hash cache (C:\Users\Ahrorus\.gradle\caches\4.1\fileHashes)" [_thread_blocked, id=6548, stack(0x000000001e650000,0x000000001e750000)]
  0x000000001bad7800 JavaThread "Stdin handler" [_thread_blocked, id=7432, stack(0x000000001e550000,0x000000001e650000)]
  0x000000001b3c2000 JavaThread "Asynchronous log dispatcher for DefaultDaemonConnection: socket connection from /127.0.0.1:56898 to /127.0.0.1:56899" [_thread_blocked, id=1556, stack(0x000000001e350000,0x000000001e450000)]
=>0x000000001bf6b000 JavaThread "Daemon worker" [_thread_in_Java, id=8612, stack(0x000000001e250000,0x000000001e350000)]
  0x000000001b4ee000 JavaThread "Cancel handler" [_thread_blocked, id=7808, stack(0x000000001e150000,0x000000001e250000)]
  0x000000001a5d7000 JavaThread "Handler for socket connection from /127.0.0.1:56898 to /127.0.0.1:56899" [_thread_in_native, id=9960, stack(0x000000001de50000,0x000000001df50000)]
  0x0000000019e88000 JavaThread "Daemon" [_thread_blocked, id=8264, stack(0x000000001dd50000,0x000000001de50000)]
  0x000000001a42e000 JavaThread "Daemon periodic checks" [_thread_blocked, id=10820, stack(0x000000001dc50000,0x000000001dd50000)]
  0x000000001a4b1800 JavaThread "Incoming local TCP Connector on port 56898" [_thread_in_native, id=8168, stack(0x000000001da10000,0x000000001db10000)]
  0x00000000185f0000 JavaThread "Service Thread" daemon [_thread_blocked, id=2320, stack(0x0000000019c30000,0x0000000019d30000)]
  0x000000001856a800 JavaThread "C1 CompilerThread3" daemon [_thread_blocked, id=8576, stack(0x0000000019b30000,0x0000000019c30000)]
  0x0000000018561800 JavaThread "C2 CompilerThread2" daemon [_thread_in_native, id=2836, stack(0x0000000019a30000,0x0000000019b30000)]
  0x000000001855d000 JavaThread "C2 CompilerThread1" daemon [_thread_in_native, id=1308, stack(0x0000000019930000,0x0000000019a30000)]
  0x0000000018559000 JavaThread "C2 CompilerThread0" daemon [_thread_in_native, id=5832, stack(0x0000000019830000,0x0000000019930000)]
  0x0000000018550000 JavaThread "Attach Listener" daemon [_thread_blocked, id=776, stack(0x0000000019730000,0x0000000019830000)]
  0x000000001854f000 JavaThread "Signal Dispatcher" daemon [_thread_blocked, id=4172, stack(0x0000000019630000,0x0000000019730000)]
  0x0000000018505000 JavaThread "Finalizer" daemon [_thread_blocked, id=10272, stack(0x0000000019440000,0x0000000019540000)]
  0x00000000184d4000 JavaThread "Reference Handler" daemon [_thread_blocked, id=7600, stack(0x0000000019340000,0x0000000019440000)]
  0x00000000032c8800 JavaThread "main" [_thread_blocked, id=1480, stack(0x00000000031c0000,0x00000000032c0000)]

Other Threads:
  0x0000000017180800 VMThread [stack: 0x0000000019240000,0x0000000019340000] [id=2420]
  0x00000000185f5000 WatcherThread [stack: 0x0000000019d30000,0x0000000019e30000] [id=4480]

VM state:not at safepoint (normal execution)

VM Mutex/Monitor currently owned by a thread: None

Heap:
 PSYoungGen      total 138240K, used 80091K [0x00000000e0000000, 0x00000000ebd00000, 0x0000000100000000)
  eden space 127488K, 62% used [0x00000000e0000000,0x00000000e4e36e10,0x00000000e7c80000)
  from space 10752K, 0% used [0x00000000e7c80000,0x00000000e7c80000,0x00000000e8700000)
  to   space 14848K, 0% used [0x00000000eae80000,0x00000000eae80000,0x00000000ebd00000)
 ParOldGen       total 167424K, used 18767K [0x00000000a0000000, 0x00000000aa380000, 0x00000000e0000000)
  object space 167424K, 11% used [0x00000000a0000000,0x00000000a1253fe0,0x00000000aa380000)
 Metaspace       used 38461K, capacity 39074K, committed 39256K, reserved 1083392K
  class space    used 5201K, capacity 5404K, committed 5504K, reserved 1048576K

Card table byte_map: [0x0000000012780000,0x0000000012a90000] byte_map_base: 0x0000000012280000

Marking Bits: (ParMarkBitMap*) 0x0000000059504970
 Begin Bits: [0x0000000013490000, 0x0000000014c90000)
 End Bits:   [0x0000000014c90000, 0x0000000016490000)

Polling page: 0x0000000001080000

CodeCache: size=245760Kb used=12208Kb max_used=12220Kb free=233551Kb
 bounds [0x00000000033c0000, 0x0000000003fc0000, 0x00000000123c0000]
 total_blobs=4210 nmethods=3497 adapters=625
 compilation: enabled

Compilation events (10 events):
Event: 8.979 Thread 0x000000001856a800 3792       3       com.google.common.collect.LinkedHashMultimap$ValueEntry::<init> (18 bytes)
Event: 8.979 Thread 0x000000001856a800 nmethod 3792 0x0000000003faa750 code [0x0000000003faa8c0, 0x0000000003faab70]
Event: 8.982 Thread 0x000000001856a800 3793  s    3       java.io.ExpiringCache::get (39 bytes)
Event: 8.983 Thread 0x000000001856a800 nmethod 3793 0x0000000003faa050 code [0x0000000003faa1e0, 0x0000000003faa618]
Event: 8.983 Thread 0x000000001856a800 3794       3       org.gradle.api.internal.project.taskfactory.DefaultTaskClassInfoStore::attachTaskAction (247 bytes)
Event: 8.989 Thread 0x000000001856a800 nmethod 3794 0x0000000003fae910 code [0x0000000003faefc0, 0x0000000003fb3f78]
Event: 8.991 Thread 0x0000000018561800 nmethod 3725 0x0000000003fb8dd0 code [0x0000000003fb8f20, 0x0000000003fb9868]
Event: 8.991 Thread 0x0000000018561800 3790       4       java.lang.CharacterDataLatin1::getType (11 bytes)
Event: 8.991 Thread 0x0000000018561800 nmethod 3790 0x0000000003f56290 code [0x0000000003f563c0, 0x0000000003f56458]
Event: 8.993 Thread 0x0000000018561800 3795   !   4       java.lang.ClassLoader::checkCerts (195 bytes)

GC Heap History (10 events):
Event: 4.545 GC heap before
{Heap before GC invocations=3 (full 0):
 PSYoungGen      total 76288K, used 20632K [0x00000000e0000000, 0x00000000e5500000, 0x0000000100000000)
  eden space 65536K, 15% used [0x00000000e0000000,0x00000000e09ad068,0x00000000e4000000)
  from space 10752K, 99% used [0x00000000e4a80000,0x00000000e54f9150,0x00000000e5500000)
  to   space 10752K, 0% used [0x00000000e4000000,0x00000000e4000000,0x00000000e4a80000)
 ParOldGen       total 175104K, used 1738K [0x00000000a0000000, 0x00000000aab00000, 0x00000000e0000000)
  object space 175104K, 0% used [0x00000000a0000000,0x00000000a01b29b8,0x00000000aab00000)
 Metaspace       used 20824K, capacity 21130K, committed 21248K, reserved 1067008K
  class space    used 2866K, capacity 3012K, committed 3072K, reserved 1048576K
Event: 4.553 GC heap after
Heap after GC invocations=3 (full 0):
 PSYoungGen      total 76288K, used 8527K [0x00000000e0000000, 0x00000000e9500000, 0x0000000100000000)
  eden space 65536K, 0% used [0x00000000e0000000,0x00000000e0000000,0x00000000e4000000)
  from space 10752K, 79% used [0x00000000e4000000,0x00000000e4853e40,0x00000000e4a80000)
  to   space 10752K, 0% used [0x00000000e8a80000,0x00000000e8a80000,0x00000000e9500000)
 ParOldGen       total 175104K, used 1746K [0x00000000a0000000, 0x00000000aab00000, 0x00000000e0000000)
  object space 175104K, 0% used [0x00000000a0000000,0x00000000a01b49b8,0x00000000aab00000)
 Metaspace       used 20824K, capacity 21130K, committed 21248K, reserved 1067008K
  class space    used 2866K, capacity 3012K, committed 3072K, reserved 1048576K
}
Event: 4.553 GC heap before
{Heap before GC invocations=4 (full 1):
 PSYoungGen      total 76288K, used 8527K [0x00000000e0000000, 0x00000000e9500000, 0x0000000100000000)
  eden space 65536K, 0% used [0x00000000e0000000,0x00000000e0000000,0x00000000e4000000)
  from space 10752K, 79% used [0x00000000e4000000,0x00000000e4853e40,0x00000000e4a80000)
  to   space 10752K, 0% used [0x00000000e8a80000,0x00000000e8a80000,0x00000000e9500000)
 ParOldGen       total 175104K, used 1746K [0x00000000a0000000, 0x00000000aab00000, 0x00000000e0000000)
  object space 175104K, 0% used [0x00000000a0000000,0x00000000a01b49b8,0x00000000aab00000)
 Metaspace       used 20824K, capacity 21130K, committed 21248K, reserved 1067008K
  class space    used 2866K, capacity 3012K, committed 3072K, reserved 1048576K
Event: 4.594 GC heap after
Heap after GC invocations=4 (full 1):
 PSYoungGen      total 76288K, used 0K [0x00000000e0000000, 0x00000000e9500000, 0x0000000100000000)
  eden space 65536K, 0% used [0x00000000e0000000,0x00000000e0000000,0x00000000e4000000)
  from space 10752K, 0% used [0x00000000e4000000,0x00000000e4000000,0x00000000e4a80000)
  to   space 10752K, 0% used [0x00000000e8a80000,0x00000000e8a80000,0x00000000e9500000)
 ParOldGen       total 100352K, used 8239K [0x00000000a0000000, 0x00000000a6200000, 0x00000000e0000000)
  object space 100352K, 8% used [0x00000000a0000000,0x00000000a080bdc0,0x00000000a6200000)
 Metaspace       used 20824K, capacity 21130K, committed 21248K, reserved 1067008K
  class space    used 2866K, capacity 3012K, committed 3072K, reserved 1048576K
}
Event: 5.960 GC heap before
{Heap before GC invocations=5 (full 1):
 PSYoungGen      total 76288K, used 65536K [0x00000000e0000000, 0x00000000e9500000, 0x0000000100000000)
  eden space 65536K, 100% used [0x00000000e0000000,0x00000000e4000000,0x00000000e4000000)
  from space 10752K, 0% used [0x00000000e4000000,0x00000000e4000000,0x00000000e4a80000)
  to   space 10752K, 0% used [0x00000000e8a80000,0x00000000e8a80000,0x00000000e9500000)
 ParOldGen       total 100352K, used 8239K [0x00000000a0000000, 0x00000000a6200000, 0x00000000e0000000)
  object space 100352K, 8% used [0x00000000a0000000,0x00000000a080bdc0,0x00000000a6200000)
 Metaspace       used 26343K, capacity 26728K, committed 26880K, reserved 1073152K
  class space    used 3633K, capacity 3769K, committed 3840K, reserved 1048576K
Event: 5.967 GC heap after
Heap after GC invocations=5 (full 1):
 PSYoungGen      total 112128K, used 6984K [0x00000000e0000000, 0x00000000e9180000, 0x0000000100000000)
  eden space 104960K, 0% used [0x00000000e0000000,0x00000000e0000000,0x00000000e6680000)
  from space 7168K, 97% used [0x00000000e8a80000,0x00000000e91520f8,0x00000000e9180000)
  to   space 10752K, 0% used [0x00000000e7c80000,0x00000000e7c80000,0x00000000e8700000)
 ParOldGen       total 100352K, used 8247K [0x00000000a0000000, 0x00000000a6200000, 0x00000000e0000000)
  object space 100352K, 8% used [0x00000000a0000000,0x00000000a080ddc0,0x00000000a6200000)
 Metaspace       used 26343K, capacity 26728K, committed 26880K, reserved 1073152K
  class space    used 3633K, capacity 3769K, committed 3840K, reserved 1048576K
}
Event: 7.831 GC heap before
{Heap before GC invocations=6 (full 1):
 PSYoungGen      total 112128K, used 94038K [0x00000000e0000000, 0x00000000e9180000, 0x0000000100000000)
  eden space 104960K, 82% used [0x00000000e0000000,0x00000000e5503860,0x00000000e6680000)
  from space 7168K, 97% used [0x00000000e8a80000,0x00000000e91520f8,0x00000000e9180000)
  to   space 10752K, 0% used [0x00000000e7c80000,0x00000000e7c80000,0x00000000e8700000)
 ParOldGen       total 100352K, used 8247K [0x00000000a0000000, 0x00000000a6200000, 0x00000000e0000000)
  object space 100352K, 8% used [0x00000000a0000000,0x00000000a080ddc0,0x00000000a6200000)
 Metaspace       used 34731K, capacity 35274K, committed 35416K, reserved 1079296K
  class space    used 4760K, capacity 4984K, committed 4992K, reserved 1048576K
Event: 7.843 GC heap after
Heap after GC invocations=6 (full 1):
 PSYoungGen      total 138240K, used 10747K [0x00000000e0000000, 0x00000000ebd00000, 0x0000000100000000)
  eden space 127488K, 0% used [0x00000000e0000000,0x00000000e0000000,0x00000000e7c80000)
  from space 10752K, 99% used [0x00000000e7c80000,0x00000000e86fef58,0x00000000e8700000)
  to   space 14848K, 0% used [0x00000000eae80000,0x00000000eae80000,0x00000000ebd00000)
 ParOldGen       total 100352K, used 10130K [0x00000000a0000000, 0x00000000a6200000, 0x00000000e0000000)
  object space 100352K, 10% used [0x00000000a0000000,0x00000000a09e4be8,0x00000000a6200000)
 Metaspace       used 34731K, capacity 35274K, committed 35416K, reserved 1079296K
  class space    used 4760K, capacity 4984K, committed 4992K, reserved 1048576K
}
Event: 7.843 GC heap before
{Heap before GC invocations=7 (full 2):
 PSYoungGen      total 138240K, used 10747K [0x00000000e0000000, 0x00000000ebd00000, 0x0000000100000000)
  eden space 127488K, 0% used [0x00000000e0000000,0x00000000e0000000,0x00000000e7c80000)
  from space 10752K, 99% used [0x00000000e7c80000,0x00000000e86fef58,0x00000000e8700000)
  to   space 14848K, 0% used [0x00000000eae80000,0x00000000eae80000,0x00000000ebd00000)
 ParOldGen       total 100352K, used 10130K [0x00000000a0000000, 0x00000000a6200000, 0x00000000e0000000)
  object space 100352K, 10% used [0x00000000a0000000,0x00000000a09e4be8,0x00000000a6200000)
 Metaspace       used 34731K, capacity 35274K, committed 35416K, reserved 1079296K
  class space    used 4760K, capacity 4984K, committed 4992K, reserved 1048576K
Event: 7.941 GC heap after
Heap after GC invocations=7 (full 2):
 PSYoungGen      total 138240K, used 0K [0x00000000e0000000, 0x00000000ebd00000, 0x0000000100000000)
  eden space 127488K, 0% used [0x00000000e0000000,0x00000000e0000000,0x00000000e7c80000)
  from space 10752K, 0% used [0x00000000e7c80000,0x00000000e7c80000,0x00000000e8700000)
  to   space 14848K, 0% used [0x00000000eae80000,0x00000000eae80000,0x00000000ebd00000)
 ParOldGen       total 167424K, used 18767K [0x00000000a0000000, 0x00000000aa380000, 0x00000000e0000000)
  object space 167424K, 11% used [0x00000000a0000000,0x00000000a1253fe0,0x00000000aa380000)
 Metaspace       used 34731K, capacity 35274K, committed 35416K, reserved 1079296K
  class space    used 4760K, capacity 4984K, committed 4992K, reserved 1048576K
}

Deoptimization events (10 events):
Event: 8.432 Thread 0x000000001bf6b000 Uncommon trap: reason=bimorphic action=maybe_recompile pc=0x000000000391e2ac method=java.util.Hashtable.get(Ljava/lang/Object;)Ljava/lang/Object; @ 6
Event: 8.434 Thread 0x000000001bf6b000 Uncommon trap: reason=bimorphic action=maybe_recompile pc=0x000000000391e2ac method=java.util.Hashtable.get(Ljava/lang/Object;)Ljava/lang/Object; @ 6
Event: 8.435 Thread 0x000000001bf6b000 Uncommon trap: reason=bimorphic action=maybe_recompile pc=0x000000000391e2ac method=java.util.Hashtable.get(Ljava/lang/Object;)Ljava/lang/Object; @ 6
Event: 8.445 Thread 0x000000001bf6b000 Uncommon trap: reason=unstable_if action=reinterpret pc=0x0000000003b1d42c method=java.security.CodeSource.getCertificates()[Ljava/security/cert/Certificate; @ 22
Event: 8.446 Thread 0x000000001bf6b000 Uncommon trap: reason=unstable_if action=reinterpret pc=0x0000000003944f04 method=java.util.jar.JarFile.maybeInstantiateVerifier()V @ 75
Event: 8.447 Thread 0x000000001bf6b000 Uncommon trap: reason=class_check action=maybe_recompile pc=0x0000000003964100 method=java.util.jar.JarFile.getJarEntry(Ljava/lang/String;)Ljava/util/jar/JarEntry; @ 2
Event: 8.447 Thread 0x000000001bf6b000 Uncommon trap: reason=class_check action=maybe_recompile pc=0x0000000003964100 method=java.util.jar.JarFile.getJarEntry(Ljava/lang/String;)Ljava/util/jar/JarEntry; @ 2
Event: 8.447 Thread 0x000000001bf6b000 Uncommon trap: reason=class_check action=maybe_recompile pc=0x0000000003964100 method=java.util.jar.JarFile.getJarEntry(Ljava/lang/String;)Ljava/util/jar/JarEntry; @ 2
Event: 8.448 Thread 0x000000001bf6b000 Uncommon trap: reason=unstable_if action=reinterpret pc=0x0000000003b1907c method=java.util.LinkedHashMap.get(Ljava/lang/Object;)Ljava/lang/Object; @ 20
Event: 8.858 Thread 0x000000001bf6b000 Uncommon trap: reason=unstable_if action=reinterpret pc=0x0000000003f08738 method=java.util.jar.JarFile.getInputStream(Ljava/util/zip/ZipEntry;)Ljava/io/InputStream; @ 21

Classes redefined (0 events):
No events

Internal exceptions (10 events):
Event: 8.715 Thread 0x000000001bf6b000 Exception <a 'java/lang/ClassNotFoundException': com/android/build/gradle/internal/api/DefaultAndroidSourceSetCustomizer> (0x00000000e3534d58) thrown at [D:\src\AOSP-openjdk-cygwin\jdk8u\hotspot\src\share\vm\classfile\systemDictionary.cpp, line 210]
Event: 8.718 Thread 0x000000001bf6b000 Exception <a 'java/lang/ClassNotFoundException': com/android/build/gradle/internal/api/DefaultAndroidSourceSet_DecoratedCustomizer> (0x00000000e35923a8) thrown at [D:\src\AOSP-openjdk-cygwin\jdk8u\hotspot\src\share\vm\classfile\systemDictionary.cpp, line 
Event: 8.945 Thread 0x000000001bf6b000 Exception <a 'java/lang/ClassNotFoundException': com/android/build/gradle/internal/dsl/BuildType_DecoratedBeanInfo> (0x00000000e4a00560) thrown at [D:\src\AOSP-openjdk-cygwin\jdk8u\hotspot\src\share\vm\classfile\systemDictionary.cpp, line 210]
Event: 8.945 Thread 0x000000001bf6b000 Exception <a 'java/lang/ClassNotFoundException': com/android/build/gradle/internal/dsl/BuildTypeBeanInfo> (0x00000000e4a160c0) thrown at [D:\src\AOSP-openjdk-cygwin\jdk8u\hotspot\src\share\vm\classfile\systemDictionary.cpp, line 210]
Event: 8.946 Thread 0x000000001bf6b000 Exception <a 'java/lang/ClassNotFoundException': com/android/builder/core/DefaultBuildTypeBeanInfo> (0x00000000e4a2a5f0) thrown at [D:\src\AOSP-openjdk-cygwin\jdk8u\hotspot\src\share\vm\classfile\systemDictionary.cpp, line 210]
Event: 8.946 Thread 0x000000001bf6b000 Exception <a 'java/lang/ClassNotFoundException': com/android/builder/internal/BaseConfigImplBeanInfo> (0x00000000e4a3f808) thrown at [D:\src\AOSP-openjdk-cygwin\jdk8u\hotspot\src\share\vm\classfile\systemDictionary.cpp, line 210]
Event: 8.946 Thread 0x000000001bf6b000 Exception <a 'java/lang/ClassNotFoundException': com/android/builder/internal/BaseConfigImplCustomizer> (0x00000000e4a54ed8) thrown at [D:\src\AOSP-openjdk-cygwin\jdk8u\hotspot\src\share\vm\classfile\systemDictionary.cpp, line 210]
Event: 8.948 Thread 0x000000001bf6b000 Exception <a 'java/lang/ClassNotFoundException': com/android/builder/core/DefaultBuildTypeCustomizer> (0x00000000e4a93a78) thrown at [D:\src\AOSP-openjdk-cygwin\jdk8u\hotspot\src\share\vm\classfile\systemDictionary.cpp, line 210]
Event: 8.949 Thread 0x000000001bf6b000 Exception <a 'java/lang/ClassNotFoundException': com/android/build/gradle/internal/dsl/BuildTypeCustomizer> (0x00000000e4ac57a8) thrown at [D:\src\AOSP-openjdk-cygwin\jdk8u\hotspot\src\share\vm\classfile\systemDictionary.cpp, line 210]
Event: 8.951 Thread 0x000000001bf6b000 Exception <a 'java/lang/ClassNotFoundException': com/android/build/gradle/internal/dsl/BuildType_DecoratedCustomizer> (0x00000000e4b23b28) thrown at [D:\src\AOSP-openjdk-cygwin\jdk8u\hotspot\src\share\vm\classfile\systemDictionary.cpp, line 210]

Events (10 events):
Event: 9.003 loading class org/gradle/api/tasks/diagnostics/internal/ReportRenderer
Event: 9.003 loading class org/gradle/api/tasks/diagnostics/internal/ReportRenderer done
Event: 9.003 loading class org/gradle/api/tasks/diagnostics/internal/ReportRenderer
Event: 9.003 loading class org/gradle/api/tasks/diagnostics/internal/ReportRenderer done
Event: 9.008 loading class org/gradle/api/internal/ConventionAwareHelper$Value
Event: 9.008 loading class org/gradle/api/internal/ConventionAwareHelper$Value done
Event: 9.009 loading class org/gradle/initialization/BuildClientMetaData
Event: 9.009 loading class org/gradle/initialization/BuildClientMetaData done
Event: 9.009 loading class org/gradle/internal/logging/text/StyledTextOutputFactory
Event: 9.009 loading class org/gradle/internal/logging/text/StyledTextOutputFactory done


Dynamic libraries:
0x00007ff7cf2c0000 - 0x00007ff7cf2f1000 	C:\Program Files\Android\Android Studio\jre\bin\java.exe
0x00007fff0dbe0000 - 0x00007fff0ddc1000 	C:\WINDOWS\SYSTEM32\ntdll.dll
0x00007fff0c4b0000 - 0x00007fff0c562000 	C:\WINDOWS\System32\KERNEL32.DLL
0x00007fff09fb0000 - 0x00007fff0a223000 	C:\WINDOWS\System32\KERNELBASE.dll
0x00007fff079c0000 - 0x00007fff07a4b000 	C:\WINDOWS\SYSTEM32\apphelp.dll
0x00007ffed5330000 - 0x00007ffed57bf000 	C:\WINDOWS\SYSTEM32\AcLayers.DLL
0x00007fff0cf00000 - 0x00007fff0cf9e000 	C:\WINDOWS\System32\msvcrt.dll
0x00007fff0cfa0000 - 0x00007fff0d130000 	C:\WINDOWS\System32\USER32.dll
0x00007fff0a530000 - 0x00007fff0a550000 	C:\WINDOWS\System32\win32u.dll
0x00007fff0d130000 - 0x00007fff0d158000 	C:\WINDOWS\System32\GDI32.dll
0x00007fff0a550000 - 0x00007fff0a6e2000 	C:\WINDOWS\System32\gdi32full.dll
0x00007fff0a430000 - 0x00007fff0a4cf000 	C:\WINDOWS\System32\msvcp_win.dll
0x00007fff0a2e0000 - 0x00007fff0a3da000 	C:\WINDOWS\System32\ucrtbase.dll
0x00007fff0cad0000 - 0x00007fff0cb21000 	C:\WINDOWS\System32\SHLWAPI.dll
0x00007fff0d520000 - 0x00007fff0d843000 	C:\WINDOWS\System32\combase.dll
0x00007fff0ccd0000 - 0x00007fff0cdf4000 	C:\WINDOWS\System32\RPCRT4.dll
0x00007fff0a6f0000 - 0x00007fff0a76a000 	C:\WINDOWS\System32\bcryptPrimitives.dll
0x00007ffef1420000 - 0x00007ffef14a4000 	C:\WINDOWS\SYSTEM32\WINSPOOL.DRV
0x00007fff09f90000 - 0x00007fff09fa1000 	C:\WINDOWS\System32\kernel.appcore.dll
0x00007fff06110000 - 0x00007fff062c4000 	C:\WINDOWS\SYSTEM32\PROPSYS.dll
0x00007fff0da70000 - 0x00007fff0db32000 	C:\WINDOWS\System32\OLEAUT32.dll
0x00007fff0ca20000 - 0x00007fff0cac9000 	C:\WINDOWS\System32\shcore.dll
0x00007fff0db50000 - 0x00007fff0dbab000 	C:\WINDOWS\System32\sechost.dll
0x00007fff09130000 - 0x00007fff09168000 	C:\WINDOWS\SYSTEM32\IPHLPAPI.DLL
0x00007fff099a0000 - 0x00007fff099c5000 	C:\WINDOWS\SYSTEM32\bcrypt.dll
0x0000000000ba0000 - 0x0000000000ba3000 	C:\WINDOWS\SYSTEM32\sfc.dll
0x00007ffef5820000 - 0x00007ffef5833000 	C:\WINDOWS\SYSTEM32\sfc_os.DLL
0x00007fff049c0000 - 0x00007fff049d1000 	C:\WINDOWS\SYSTEM32\SortWindows61.dll
0x00007fff0ce20000 - 0x00007fff0ce4d000 	C:\WINDOWS\System32\IMM32.DLL
0x00007fff0ce50000 - 0x00007fff0cef1000 	C:\WINDOWS\System32\ADVAPI32.dll
0x00007ffef54b0000 - 0x00007ffef5719000 	C:\WINDOWS\WinSxS\amd64_microsoft.windows.common-controls_6595b64144ccf1df_6.0.17134.165_none_fb429645306569ac\COMCTL32.dll
0x0000000058c60000 - 0x0000000058d32000 	C:\Program Files\Android\Android Studio\jre\jre\bin\msvcr100.dll
0x0000000058d40000 - 0x000000005957f000 	C:\Program Files\Android\Android Studio\jre\jre\bin\server\jvm.dll
0x00007fff0db40000 - 0x00007fff0db48000 	C:\WINDOWS\System32\PSAPI.DLL
0x00007ffef7e20000 - 0x00007ffef7e29000 	C:\WINDOWS\SYSTEM32\WSOCK32.dll
0x00007fff077b0000 - 0x00007fff077d3000 	C:\WINDOWS\SYSTEM32\WINMM.dll
0x00007fff03ea0000 - 0x00007fff03eaa000 	C:\WINDOWS\SYSTEM32\VERSION.dll
0x00007fff0d4b0000 - 0x00007fff0d51c000 	C:\WINDOWS\System32\WS2_32.dll
0x00007fff07780000 - 0x00007fff077aa000 	C:\WINDOWS\SYSTEM32\winmmbase.dll
0x00007fff0a3e0000 - 0x00007fff0a429000 	C:\WINDOWS\System32\cfgmgr32.dll
0x00007fff049b0000 - 0x00007fff049bf000 	C:\Program Files\Android\Android Studio\jre\jre\bin\verify.dll
0x00007ffefcb70000 - 0x00007ffefcb99000 	C:\Program Files\Android\Android Studio\jre\jre\bin\java.dll
0x00007fff04990000 - 0x00007fff049a6000 	C:\Program Files\Android\Android Studio\jre\jre\bin\zip.dll
0x00007fff0b070000 - 0x00007fff0c4b0000 	C:\WINDOWS\System32\SHELL32.dll
0x00007fff0a960000 - 0x00007fff0b06d000 	C:\WINDOWS\System32\windows.storage.dll
0x00007fff09f20000 - 0x00007fff09f3f000 	C:\WINDOWS\System32\profapi.dll
0x00007fff09f40000 - 0x00007fff09f8c000 	C:\WINDOWS\System32\powrprof.dll
0x00007fff09ef0000 - 0x00007fff09efa000 	C:\WINDOWS\System32\FLTLIB.DLL
0x00007fff04180000 - 0x00007fff0419a000 	C:\Program Files\Android\Android Studio\jre\jre\bin\net.dll
0x00007fff093b0000 - 0x00007fff09416000 	C:\WINDOWS\system32\mswsock.dll
0x00007fff00b60000 - 0x00007fff00b71000 	C:\Program Files\Android\Android Studio\jre\jre\bin\nio.dll
0x00007fff06030000 - 0x00007fff0604e000 	C:\Users\Ahrorus\.gradle\native\25\windows-amd64\native-platform.dll
0x00007fff04000000 - 0x00007fff0400d000 	C:\Program Files\Android\Android Studio\jre\jre\bin\management.dll
0x00007fff09c10000 - 0x00007fff09c27000 	C:\WINDOWS\SYSTEM32\CRYPTSP.dll
0x00007fff08f90000 - 0x00007fff08fc3000 	C:\WINDOWS\system32\rsaenh.dll
0x00007fff09df0000 - 0x00007fff09e18000 	C:\WINDOWS\SYSTEM32\USERENV.dll
0x00007fff09560000 - 0x00007fff0956b000 	C:\WINDOWS\SYSTEM32\CRYPTBASE.dll
0x00007fff0ccc0000 - 0x00007fff0ccc8000 	C:\WINDOWS\System32\NSI.dll
0x00007fff02050000 - 0x00007fff02066000 	C:\WINDOWS\SYSTEM32\dhcpcsvc6.DLL
0x00007fff02030000 - 0x00007fff0204a000 	C:\WINDOWS\SYSTEM32\dhcpcsvc.DLL

VM Arguments:
jvm_args: -Xmx1536M -Dfile.encoding=windows-1251 -Duser.country=US -Duser.language=en -Duser.variant 
java_command: org.gradle.launcher.daemon.bootstrap.GradleDaemon 4.1
java_class_path (initial): C:\Users\Ahrorus\.gradle\wrapper\dists\gradle-4.1-all\bzyivzo6n839fup2jbap0tjew\gradle-4.1\lib\gradle-launcher-4.1.jar
Launcher Type: SUN_STANDARD

Environment Variables:
JAVA_HOME=C:\Program Files\Android\Android Studio\jre
CLASSPATH=D:\Flutter_Projects\salaah_time\android\\gradle\wrapper\gradle-wrapper.jar
PATH=C:\WINDOWS\system32;C:\WINDOWS;C:\WINDOWS\System32\Wbem;C:\WINDOWS\System32\WindowsPowerShell\v1.0\;C:\Program Files (x86)\Skype\Phone\;C:\Program Files\Git\cmd;C:\Program Files\Dart\dart-sdk\bin;C:\WINDOWS\System32\OpenSSH\;C:\Users\Ahrorus\AppData\Local\Microsoft\WindowsApps;C:\Program Files\Flutter_SDK\flutter\bin;;C:\Program Files\Flutter_SDK\flutter\bin\mingit\cmd
USERNAME=Ahrorus
OS=Windows_NT
PROCESSOR_IDENTIFIER=Intel64 Family 6 Model 58 Stepping 9, GenuineIntel



---------------  S Y S T E M  ---------------

OS: Windows 10.0 , 64 bit Build 17134 (10.0.17134.1)

CPU:total 8 (initial active 8) (4 cores per cpu, 2 threads per core) family 6 model 58 stepping 9, cmov, cx8, fxsr, mmx, sse, sse2, sse3, ssse3, sse4.1, sse4.2, popcnt, avx, aes, clmul, erms, ht, tsc, tscinvbit, tscinv

Memory: 4k page, physical 16655772k(8267556k free), swap 18344348k(8282152k free)

vm_info: OpenJDK 64-Bit Server VM (25.152-b02) for windows-amd64 JRE (1.8.0_152-release-1024-b02), built by "builder" with MS VC++ 10.0 (VS2010)

time: Thu Jul 12 12:47:03 2018
elapsed time: 9 seconds (0d 0h 0m 9s)

