#
# A fatal error has been detected by the Java Runtime Environment:
#
#  EXCEPTION_ACCESS_VIOLATION (0xc0000005) at pc=0x000000005921d884, pid=2832, tid=0x0000000000001134
#
# JRE version: OpenJDK Runtime Environment (8.0_152-b02) (build 1.8.0_152-release-1024-b02)
# Java VM: OpenJDK 64-Bit Server VM (25.152-b02 mixed mode windows-amd64 compressed oops)
# Problematic frame:
# V  [jvm.dll+0x4dd884]
#
# Failed to write core dump. Minidumps are not enabled by default on client versions of Windows
#
# If you would like to submit a bug report, please visit:
#   http://bugreport.java.com/bugreport/crash.jsp
#

---------------  T H R E A D  ---------------

Current thread (0x0000000018403800):  JavaThread "C2 CompilerThread0" daemon [_thread_in_native, id=4404, stack(0x00000000196f0000,0x00000000197f0000)]

siginfo: ExceptionCode=0xc0000005, reading address 0x000010001bceb440

Registers:
RAX=0x000010001bceb438, RBX=0x00000000000000cb, RCX=0x0000000000000008, RDX=0x0000000000000001
RSP=0x00000000197ec340, RBP=0x00000000197ec440, RSI=0x000000001bceb3e0, RDI=0x00000000197ec820
R8 =0x00000000230196b8, R9 =0x00000000206389d8, R10=0x0000000000000004, R11=0x000000001bceb840
R12=0x000000001f304500, R13=0x0000000000000009, R14=0x000000001a9aa900, R15=0x000000001a9aa8c0
RIP=0x000000005921d884, EFLAGS=0x0000000000010202

Top of Stack: (sp=0x00000000197ec340)
0x00000000197ec340:   00000000000000cb 0000000020638908
0x00000000197ec350:   00000000197ec440 000000001f304500
0x00000000197ec360:   000000001a9aa900 000000001a9aa8c0
0x00000000197ec370:   00000000000000cb 00000000ffffffff
0x00000000197ec380:   000000001f304500 0000001000000006
0x00000000197ec390:   0000000000000000 0000000000000007
0x00000000197ec3a0:   000000001bb6d230 0000000000000008
0x00000000197ec3b0:   000000001bb6c5e0 00000001000000c9
0x00000000197ec3c0:   00000000000003c3 0000000000000010
0x00000000197ec3d0:   000000001bb6b990 00000000000000c9
0x00000000197ec3e0:   0000000000000010 0000000020dc55d0
0x00000000197ec3f0:   00000000000a2520 0000000020dbe1e0
0x00000000197ec400:   0000000020dc61c8 00000000183ea870
0x00000000197ec410:   0000000000000000 0000000000000000
0x00000000197ec420:   0000000000000000 0000000000000000
0x00000000197ec430:   0000000000000000 0000000000055d20 

Instructions: (pc=0x000000005921d884)
0x000000005921d864:   07 00 00 83 7e 18 01 89 55 78 0f 86 fb 01 00 00
0x000000005921d874:   b9 08 00 00 00 48 89 4c 24 68 66 90 48 8b 46 08
0x000000005921d884:   4c 8b 24 01 4d 85 e4 75 2c 4c 8d 0d 9c aa 15 00
0x000000005921d894:   4c 8d 05 0d aa 15 00 48 8d 0d be a9 15 00 ba 89 


Register to memory mapping:

RAX=0x000010001bceb438 is an unknown value
RBX=0x00000000000000cb is an unknown value
RCX=0x0000000000000008 is an unknown value
RDX=0x0000000000000001 is an unknown value
RSP=0x00000000197ec340 is pointing into the stack for thread: 0x0000000018403800
RBP=0x00000000197ec440 is pointing into the stack for thread: 0x0000000018403800
RSI=0x000000001bceb3e0 is an unknown value
RDI=0x00000000197ec820 is pointing into the stack for thread: 0x0000000018403800
R8 =0x00000000230196b8 is an unknown value
R9 =0x00000000206389d8 is an unknown value
R10=0x0000000000000004 is an unknown value
R11=0x000000001bceb840 is an unknown value
R12=0x000000001f304500 is an unknown value
R13=0x0000000000000009 is an unknown value
R14=0x000000001a9aa900 is an unknown value
R15=0x000000001a9aa8c0 is an unknown value


Stack: [0x00000000196f0000,0x00000000197f0000],  sp=0x00000000197ec340,  free space=1008k
Native frames: (J=compiled Java code, j=interpreted, Vv=VM code, C=native code)
V  [jvm.dll+0x4dd884]
V  [jvm.dll+0x434d03]
V  [jvm.dll+0x43f76b]
V  [jvm.dll+0x44203e]
V  [jvm.dll+0x4250b2]
V  [jvm.dll+0x814c8]
V  [jvm.dll+0x81dff]
V  [jvm.dll+0x21d2df]
V  [jvm.dll+0x26d7ea]
C  [msvcr100.dll+0x21d9f]
C  [msvcr100.dll+0x21e3b]
C  [KERNEL32.DLL+0x13034]
C  [ntdll.dll+0x71431]


Current CompileTask:
C2:  24179 6920       4       com.google.gson.stream.JsonWriter::string (169 bytes)


---------------  P R O C E S S  ---------------

Java Threads: ( => current thread )
  0x0000000023d64800 JavaThread "ForkJoinPool.commonPool-worker-1" daemon [_thread_blocked, id=7624, stack(0x0000000029480000,0x0000000029580000)]
  0x0000000020780000 JavaThread "Memory manager" [_thread_blocked, id=10756, stack(0x0000000025450000,0x0000000025550000)]
  0x0000000023d69800 JavaThread "build operations Thread 8" [_thread_blocked, id=7464, stack(0x0000000023b10000,0x0000000023c10000)]
  0x0000000023d69000 JavaThread "build operations Thread 7" [_thread_blocked, id=1216, stack(0x0000000023a10000,0x0000000023b10000)]
  0x0000000023d6b800 JavaThread "build operations Thread 6" [_thread_blocked, id=9312, stack(0x0000000023910000,0x0000000023a10000)]
  0x0000000023d68000 JavaThread "build operations Thread 5" [_thread_blocked, id=5264, stack(0x0000000023810000,0x0000000023910000)]
  0x0000000023d6a800 JavaThread "build operations Thread 4" [_thread_blocked, id=1664, stack(0x0000000023710000,0x0000000023810000)]
  0x0000000023d5d000 JavaThread "build operations Thread 3" [_thread_blocked, id=9272, stack(0x0000000023610000,0x0000000023710000)]
  0x0000000023d5c000 JavaThread "build operations Thread 2" [_thread_blocked, id=9160, stack(0x0000000022020000,0x0000000022120000)]
  0x0000000023d60800 JavaThread "build operations" [_thread_blocked, id=1924, stack(0x0000000021ca0000,0x0000000021da0000)]
  0x0000000023d66000 JavaThread "Cache worker for Artifact transforms cache (C:\Users\Ahrorus\.gradle\caches\transforms-1)" [_thread_blocked, id=7592, stack(0x0000000021980000,0x0000000021a80000)]
  0x000000001a199800 JavaThread "Cache worker for file hash cache (D:\Flutter_Projects\salaah_time\android\.gradle\4.1\fileHashes)" [_thread_blocked, id=2448, stack(0x000000001f8e0000,0x000000001f9e0000)]
  0x000000001a45f800 JavaThread "File lock request listener" [_thread_in_native, id=220, stack(0x000000001e610000,0x000000001e710000)]
  0x000000001ba84800 JavaThread "Cache worker for file hash cache (C:\Users\Ahrorus\.gradle\caches\4.1\fileHashes)" [_thread_blocked, id=6408, stack(0x000000001e510000,0x000000001e610000)]
  0x000000001a448800 JavaThread "Stdin handler" [_thread_blocked, id=6844, stack(0x000000001e410000,0x000000001e510000)]
  0x000000001bd09800 JavaThread "Asynchronous log dispatcher for DefaultDaemonConnection: socket connection from /127.0.0.1:60322 to /127.0.0.1:60323" [_thread_blocked, id=8024, stack(0x000000001e210000,0x000000001e310000)]
  0x00000000186d1800 JavaThread "Daemon worker" [_thread_in_native, id=11108, stack(0x000000001e110000,0x000000001e210000)]
  0x0000000019d49000 JavaThread "Cancel handler" [_thread_blocked, id=11096, stack(0x000000001e010000,0x000000001e110000)]
  0x000000001875e000 JavaThread "Handler for socket connection from /127.0.0.1:60322 to /127.0.0.1:60323" [_thread_in_native, id=6352, stack(0x000000001dd10000,0x000000001de10000)]
  0x000000001ba1b000 JavaThread "Daemon" [_thread_blocked, id=8984, stack(0x000000001dc10000,0x000000001dd10000)]
  0x000000001a320800 JavaThread "Daemon periodic checks" [_thread_blocked, id=1404, stack(0x000000001db10000,0x000000001dc10000)]
  0x0000000019d99800 JavaThread "Incoming local TCP Connector on port 60322" [_thread_in_native, id=5972, stack(0x000000001d8d0000,0x000000001d9d0000)]
  0x00000000184a7800 JavaThread "Service Thread" daemon [_thread_blocked, id=948, stack(0x0000000019af0000,0x0000000019bf0000)]
  0x0000000018413000 JavaThread "C1 CompilerThread3" daemon [_thread_blocked, id=9012, stack(0x00000000199f0000,0x0000000019af0000)]
  0x0000000018410800 JavaThread "C2 CompilerThread2" daemon [_thread_in_native, id=6976, stack(0x00000000198f0000,0x00000000199f0000)]
  0x000000001840f800 JavaThread "C2 CompilerThread1" daemon [_thread_blocked, id=6968, stack(0x00000000197f0000,0x00000000198f0000)]
=>0x0000000018403800 JavaThread "C2 CompilerThread0" daemon [_thread_in_native, id=4404, stack(0x00000000196f0000,0x00000000197f0000)]
  0x00000000183fe800 JavaThread "Attach Listener" daemon [_thread_blocked, id=9540, stack(0x00000000195f0000,0x00000000196f0000)]
  0x00000000183fd800 JavaThread "Signal Dispatcher" daemon [_thread_blocked, id=6964, stack(0x00000000194f0000,0x00000000195f0000)]
  0x00000000183b4800 JavaThread "Finalizer" daemon [_thread_blocked, id=8992, stack(0x0000000019300000,0x0000000019400000)]
  0x0000000018384000 JavaThread "Reference Handler" daemon [_thread_blocked, id=8392, stack(0x0000000019200000,0x0000000019300000)]
  0x0000000003179000 JavaThread "main" [_thread_blocked, id=7396, stack(0x0000000003070000,0x0000000003170000)]

Other Threads:
  0x0000000017030000 VMThread [stack: 0x0000000019100000,0x0000000019200000] [id=3368]
  0x0000000018438000 WatcherThread [stack: 0x0000000019bf0000,0x0000000019cf0000] [id=9504]

VM state:not at safepoint (normal execution)

VM Mutex/Monitor currently owned by a thread: None

Heap:
 PSYoungGen      total 303104K, used 10325K [0x00000000e0000000, 0x00000000f6480000, 0x0000000100000000)
  eden space 263680K, 3% used [0x00000000e0000000,0x00000000e0a15708,0x00000000f0180000)
  from space 39424K, 0% used [0x00000000f2600000,0x00000000f2600000,0x00000000f4c80000)
  to   space 37376K, 0% used [0x00000000f0180000,0x00000000f0180000,0x00000000f2600000)
 ParOldGen       total 228864K, used 40796K [0x00000000a0000000, 0x00000000adf80000, 0x00000000e0000000)
  object space 228864K, 17% used [0x00000000a0000000,0x00000000a27d70b8,0x00000000adf80000)
 Metaspace       used 57555K, capacity 59882K, committed 60120K, reserved 1101824K
  class space    used 7810K, capacity 8364K, committed 8448K, reserved 1048576K

Card table byte_map: [0x0000000012630000,0x0000000012940000] byte_map_base: 0x0000000012130000

Marking Bits: (ParMarkBitMap*) 0x0000000059504970
 Begin Bits: [0x0000000013340000, 0x0000000014b40000)
 End Bits:   [0x0000000014b40000, 0x0000000016340000)

Polling page: 0x0000000001020000

CodeCache: size=245760Kb used=19566Kb max_used=19577Kb free=226193Kb
 bounds [0x0000000003270000, 0x00000000045b0000, 0x0000000012270000]
 total_blobs=6845 nmethods=6048 adapters=709
 compilation: enabled

Compilation events (10 events):
Event: 24.115 Thread 0x0000000018413000 nmethod 6932 0x0000000004592b50 code [0x0000000004592ce0, 0x0000000004593048]
Event: 24.115 Thread 0x0000000018413000 6942       3       com.google.wireless.android.sdk.stats.GradleTaskExecution::internalGetFieldAccessorTable (11 bytes)
Event: 24.115 Thread 0x0000000018413000 nmethod 6942 0x0000000004592710 code [0x0000000004592880, 0x0000000004592aa8]
Event: 24.115 Thread 0x0000000018413000 6933       3       sun.reflect.ClassFileAssembler::opc_swap (7 bytes)
Event: 24.116 Thread 0x0000000018413000 nmethod 6933 0x0000000004592210 code [0x0000000004592380, 0x00000000045925c8]
Event: 24.116 Thread 0x0000000018413000 6931       3       sun.reflect.AccessorGenerator::typeSizeInStackSlots (27 bytes)
Event: 24.116 Thread 0x0000000018413000 nmethod 6931 0x0000000004591dd0 code [0x0000000004591f40, 0x0000000004592190]
Event: 24.117 Thread 0x000000001840f800 nmethod 6939 0x0000000004590190 code [0x0000000004590300, 0x0000000004590558]
Event: 24.117 Thread 0x000000001840f800 6941       4       com.google.protobuf.GeneratedMessageV3$FieldAccessorTable::getField (48 bytes)
Event: 24.118 Thread 0x000000001840f800 nmethod 6941 0x00000000045a25d0 code [0x00000000045a2720, 0x00000000045a2818]

GC Heap History (10 events):
Event: 18.822 GC heap before
{Heap before GC invocations=9 (full 2):
 PSYoungGen      total 190976K, used 189761K [0x00000000e0000000, 0x00000000ecc80000, 0x0000000100000000)
  eden space 176640K, 100% used [0x00000000e0000000,0x00000000eac80000,0x00000000eac80000)
  from space 14336K, 91% used [0x00000000ebe80000,0x00000000ecb507c0,0x00000000ecc80000)
  to   space 16384K, 0% used [0x00000000eac80000,0x00000000eac80000,0x00000000ebc80000)
 ParOldGen       total 156160K, used 18824K [0x00000000a0000000, 0x00000000a9880000, 0x00000000e0000000)
  object space 156160K, 12% used [0x00000000a0000000,0x00000000a12622f0,0x00000000a9880000)
 Metaspace       used 52021K, capacity 53978K, committed 54232K, reserved 1095680K
  class space    used 7172K, capacity 7676K, committed 7680K, reserved 1048576K
Event: 18.841 GC heap after
Heap after GC invocations=9 (full 2):
 PSYoungGen      total 193024K, used 16383K [0x00000000e0000000, 0x00000000f1400000, 0x0000000100000000)
  eden space 176640K, 0% used [0x00000000e0000000,0x00000000e0000000,0x00000000eac80000)
  from space 16384K, 99% used [0x00000000eac80000,0x00000000ebc7ff20,0x00000000ebc80000)
  to   space 23552K, 0% used [0x00000000efd00000,0x00000000efd00000,0x00000000f1400000)
 ParOldGen       total 156160K, used 28416K [0x00000000a0000000, 0x00000000a9880000, 0x00000000e0000000)
  object space 156160K, 18% used [0x00000000a0000000,0x00000000a1bc0198,0x00000000a9880000)
 Metaspace       used 52021K, capacity 53978K, committed 54232K, reserved 1095680K
  class space    used 7172K, capacity 7676K, committed 7680K, reserved 1048576K
}
Event: 21.732 GC heap before
{Heap before GC invocations=10 (full 2):
 PSYoungGen      total 193024K, used 189999K [0x00000000e0000000, 0x00000000f1400000, 0x0000000100000000)
  eden space 176640K, 98% used [0x00000000e0000000,0x00000000ea98c0d8,0x00000000eac80000)
  from space 16384K, 99% used [0x00000000eac80000,0x00000000ebc7ff20,0x00000000ebc80000)
  to   space 23552K, 0% used [0x00000000efd00000,0x00000000efd00000,0x00000000f1400000)
 ParOldGen       total 156160K, used 28416K [0x00000000a0000000, 0x00000000a9880000, 0x00000000e0000000)
  object space 156160K, 18% used [0x00000000a0000000,0x00000000a1bc0198,0x00000000a9880000)
 Metaspace       used 54552K, capacity 56690K, committed 56920K, reserved 1097728K
  class space    used 7509K, capacity 8016K, committed 8064K, reserved 1048576K
Event: 21.768 GC heap after
Heap after GC invocations=10 (full 2):
 PSYoungGen      total 241152K, used 23527K [0x00000000e0000000, 0x00000000f3980000, 0x0000000100000000)
  eden space 217600K, 0% used [0x00000000e0000000,0x00000000e0000000,0x00000000ed480000)
  from space 23552K, 99% used [0x00000000efd00000,0x00000000f13f9f70,0x00000000f1400000)
  to   space 41472K, 0% used [0x00000000ed480000,0x00000000ed480000,0x00000000efd00000)
 ParOldGen       total 156160K, used 62180K [0x00000000a0000000, 0x00000000a9880000, 0x00000000e0000000)
  object space 156160K, 39% used [0x00000000a0000000,0x00000000a3cb9068,0x00000000a9880000)
 Metaspace       used 54552K, capacity 56690K, committed 56920K, reserved 1097728K
  class space    used 7509K, capacity 8016K, committed 8064K, reserved 1048576K
}
Event: 23.553 GC heap before
{Heap before GC invocations=11 (full 2):
 PSYoungGen      total 241152K, used 241127K [0x00000000e0000000, 0x00000000f3980000, 0x0000000100000000)
  eden space 217600K, 100% used [0x00000000e0000000,0x00000000ed480000,0x00000000ed480000)
  from space 23552K, 99% used [0x00000000efd00000,0x00000000f13f9f70,0x00000000f1400000)
  to   space 41472K, 0% used [0x00000000ed480000,0x00000000ed480000,0x00000000efd00000)
 ParOldGen       total 156160K, used 62180K [0x00000000a0000000, 0x00000000a9880000, 0x00000000e0000000)
  object space 156160K, 39% used [0x00000000a0000000,0x00000000a3cb9068,0x00000000a9880000)
 Metaspace       used 54835K, capacity 57014K, committed 57304K, reserved 1097728K
  class space    used 7563K, capacity 8074K, committed 8192K, reserved 1048576K
Event: 23.567 GC heap after
Heap after GC invocations=11 (full 2):
 PSYoungGen      total 259072K, used 16471K [0x00000000e0000000, 0x00000000f4c80000, 0x0000000100000000)
  eden space 217600K, 0% used [0x00000000e0000000,0x00000000e0000000,0x00000000ed480000)
  from space 41472K, 39% used [0x00000000ed480000,0x00000000ee495f70,0x00000000efd00000)
  to   space 39424K, 0% used [0x00000000f2600000,0x00000000f2600000,0x00000000f4c80000)
 ParOldGen       total 156160K, used 62188K [0x00000000a0000000, 0x00000000a9880000, 0x00000000e0000000)
  object space 156160K, 39% used [0x00000000a0000000,0x00000000a3cbb068,0x00000000a9880000)
 Metaspace       used 54835K, capacity 57014K, committed 57304K, reserved 1097728K
  class space    used 7563K, capacity 8074K, committed 8192K, reserved 1048576K
}
Event: 23.863 GC heap before
{Heap before GC invocations=12 (full 2):
 PSYoungGen      total 259072K, used 30761K [0x00000000e0000000, 0x00000000f4c80000, 0x0000000100000000)
  eden space 217600K, 6% used [0x00000000e0000000,0x00000000e0df44b0,0x00000000ed480000)
  from space 41472K, 39% used [0x00000000ed480000,0x00000000ee495f70,0x00000000efd00000)
  to   space 39424K, 0% used [0x00000000f2600000,0x00000000f2600000,0x00000000f4c80000)
 ParOldGen       total 156160K, used 62188K [0x00000000a0000000, 0x00000000a9880000, 0x00000000e0000000)
  object space 156160K, 39% used [0x00000000a0000000,0x00000000a3cbb068,0x00000000a9880000)
 Metaspace       used 56672K, capacity 58998K, committed 59028K, reserved 1099776K
  class space    used 7750K, capacity 8292K, committed 8320K, reserved 1048576K
Event: 23.884 GC heap after
Heap after GC invocations=12 (full 2):
 PSYoungGen      total 303104K, used 18868K [0x00000000e0000000, 0x00000000f6480000, 0x0000000100000000)
  eden space 263680K, 0% used [0x00000000e0000000,0x00000000e0000000,0x00000000f0180000)
  from space 39424K, 47% used [0x00000000f2600000,0x00000000f386d2f0,0x00000000f4c80000)
  to   space 37376K, 0% used [0x00000000f0180000,0x00000000f0180000,0x00000000f2600000)
 ParOldGen       total 156160K, used 62196K [0x00000000a0000000, 0x00000000a9880000, 0x00000000e0000000)
  object space 156160K, 39% used [0x00000000a0000000,0x00000000a3cbd068,0x00000000a9880000)
 Metaspace       used 56672K, capacity 58998K, committed 59028K, reserved 1099776K
  class space    used 7750K, capacity 8292K, committed 8320K, reserved 1048576K
}
Event: 23.884 GC heap before
{Heap before GC invocations=13 (full 3):
 PSYoungGen      total 303104K, used 18868K [0x00000000e0000000, 0x00000000f6480000, 0x0000000100000000)
  eden space 263680K, 0% used [0x00000000e0000000,0x00000000e0000000,0x00000000f0180000)
  from space 39424K, 47% used [0x00000000f2600000,0x00000000f386d2f0,0x00000000f4c80000)
  to   space 37376K, 0% used [0x00000000f0180000,0x00000000f0180000,0x00000000f2600000)
 ParOldGen       total 156160K, used 62196K [0x00000000a0000000, 0x00000000a9880000, 0x00000000e0000000)
  object space 156160K, 39% used [0x00000000a0000000,0x00000000a3cbd068,0x00000000a9880000)
 Metaspace       used 56672K, capacity 58998K, committed 59028K, reserved 1099776K
  class space    used 7750K, capacity 8292K, committed 8320K, reserved 1048576K
Event: 24.105 GC heap after
Heap after GC invocations=13 (full 3):
 PSYoungGen      total 303104K, used 0K [0x00000000e0000000, 0x00000000f6480000, 0x0000000100000000)
  eden space 263680K, 0% used [0x00000000e0000000,0x00000000e0000000,0x00000000f0180000)
  from space 39424K, 0% used [0x00000000f2600000,0x00000000f2600000,0x00000000f4c80000)
  to   space 37376K, 0% used [0x00000000f0180000,0x00000000f0180000,0x00000000f2600000)
 ParOldGen       total 228864K, used 40796K [0x00000000a0000000, 0x00000000adf80000, 0x00000000e0000000)
  object space 228864K, 17% used [0x00000000a0000000,0x00000000a27d70b8,0x00000000adf80000)
 Metaspace       used 56672K, capacity 58998K, committed 59028K, reserved 1099776K
  class space    used 7750K, capacity 8292K, committed 8320K, reserved 1048576K
}

Deoptimization events (10 events):
Event: 23.396 Thread 0x0000000022f32800 Uncommon trap: reason=unstable_if action=reinterpret pc=0x00000000040e9978 method=com.google.common.collect.MapMakerInternalMap$Segment.getEntry(Ljava/lang/Object;I)Lcom/google/common/collect/MapMakerInternalMap$ReferenceEntry; @ 40
Event: 23.576 Thread 0x00000000186d1800 Uncommon trap: reason=class_check action=maybe_recompile pc=0x000000000364f408 method=org.gradle.internal.logging.text.AbstractLineChoppingStyledTextOutput$StateContext.flushLineText()V @ 110
Event: 23.576 Thread 0x00000000186d1800 Uncommon trap: reason=class_check action=maybe_recompile pc=0x000000000364f408 method=org.gradle.internal.logging.text.AbstractLineChoppingStyledTextOutput$StateContext.flushLineText()V @ 110
Event: 23.577 Thread 0x00000000186d1800 Uncommon trap: reason=class_check action=maybe_recompile pc=0x000000000364f408 method=org.gradle.internal.logging.text.AbstractLineChoppingStyledTextOutput$StateContext.flushLineText()V @ 110
Event: 23.577 Thread 0x00000000186d1800 Uncommon trap: reason=class_check action=maybe_recompile pc=0x000000000364f408 method=org.gradle.internal.logging.text.AbstractLineChoppingStyledTextOutput$StateContext.flushLineText()V @ 110
Event: 23.623 Thread 0x0000000022f29800 Uncommon trap: reason=class_check action=maybe_recompile pc=0x000000000349fd74 method=java.util.concurrent.locks.ReentrantLock.lock()V @ 4
Event: 23.626 Thread 0x0000000022f31000 Uncommon trap: reason=class_check action=maybe_recompile pc=0x000000000349fd74 method=java.util.concurrent.locks.ReentrantLock.lock()V @ 4
Event: 24.107 Thread 0x00000000183b4800 Uncommon trap: reason=unstable_if action=reinterpret pc=0x00000000036c3d14 method=java.util.WeakHashMap.expungeStaleEntries()V @ 9
Event: 24.107 Thread 0x0000000018384000 Uncommon trap: reason=unstable_if action=reinterpret pc=0x00000000034978b4 method=java.lang.ref.Reference.tryHandlePending(Z)Z @ 20
Event: 24.115 Thread 0x00000000186d1800 Uncommon trap: reason=unstable_if action=reinterpret pc=0x00000000041e4080 method=java.nio.Buffer.limit(I)Ljava/nio/Buffer; @ 33

Classes redefined (0 events):
No events

Internal exceptions (10 events):
Event: 14.205 Thread 0x0000000022f32800 Exception <a 'java/lang/ClassNotFoundException': org/gradle/process/internal/DefaultProcessForkOptionsCustomizer> (0x00000000ea7de0a0) thrown at [D:\src\AOSP-openjdk-cygwin\jdk8u\hotspot\src\share\vm\classfile\systemDictionary.cpp, line 210]
Event: 14.206 Thread 0x0000000022f32800 Exception <a 'java/lang/ClassNotFoundException': org/gradle/process/internal/AbstractExecHandleBuilderCustomizer> (0x00000000ea81f1e8) thrown at [D:\src\AOSP-openjdk-cygwin\jdk8u\hotspot\src\share\vm\classfile\systemDictionary.cpp, line 210]
Event: 14.208 Thread 0x0000000022f32800 Exception <a 'java/lang/ClassNotFoundException': org/gradle/process/internal/DefaultExecHandleBuilderCustomizer> (0x00000000ea862750) thrown at [D:\src\AOSP-openjdk-cygwin\jdk8u\hotspot\src\share\vm\classfile\systemDictionary.cpp, line 210]
Event: 14.209 Thread 0x0000000022f32800 Exception <a 'java/lang/ClassNotFoundException': org/gradle/process/internal/DefaultExecActionCustomizer> (0x00000000ea8c2868) thrown at [D:\src\AOSP-openjdk-cygwin\jdk8u\hotspot\src\share\vm\classfile\systemDictionary.cpp, line 210]
Event: 14.210 Thread 0x0000000022f32800 Exception <a 'java/lang/ClassNotFoundException': org/gradle/process/internal/DefaultExecAction_DecoratedCustomizer> (0x00000000ea8fbbf8) thrown at [D:\src\AOSP-openjdk-cygwin\jdk8u\hotspot\src\share\vm\classfile\systemDictionary.cpp, line 210]
Event: 19.242 Thread 0x0000000022f32800 Exception <a 'java/lang/NoSuchMethodError': <clinit>> (0x00000000e0b99d30) thrown at [D:\src\AOSP-openjdk-cygwin\jdk8u\hotspot\src\share\vm\prims\jni.cpp, line 1613]
Event: 19.243 Thread 0x0000000022f32800 Exception <a 'java/lang/NoSuchMethodError': <clinit>> (0x00000000e0ba3368) thrown at [D:\src\AOSP-openjdk-cygwin\jdk8u\hotspot\src\share\vm\prims\jni.cpp, line 1613]
Event: 21.016 Thread 0x0000000023d64800 Exception <a 'java/lang/NoSuchMethodError': java.lang.Object.lambda$comparing$ea9a8b3a$1(Ljava/util/Comparator;Ljava/util/function/Function;Ljava/lang/Object;Ljava/lang/Object;)I> (0x00000000e2202f80) thrown at [D:\src\AOSP-openjdk-cygwin\jdk8u\hotspot\sr
Event: 23.381 Thread 0x0000000022f32800 Exception <a 'java/lang/IncompatibleClassChangeError': Found class java.lang.Object, but interface was expected> (0x00000000ed08a828) thrown at [D:\src\AOSP-openjdk-cygwin\jdk8u\hotspot\src\share\vm\interpreter\linkResolver.cpp, line 643]
Event: 23.660 Thread 0x00000000186d1800 Exception <a 'sun/nio/fs/WindowsException'> (0x00000000e0381d00) thrown at [D:\src\AOSP-openjdk-cygwin\jdk8u\hotspot\src\share\vm\prims\jni.cpp, line 709]

Events (10 events):
Event: 24.136 loading class com/google/wireless/android/sdk/stats/EmulatorHostOrBuilder
Event: 24.136 loading class com/google/wireless/android/sdk/stats/EmulatorHostOrBuilder done
Event: 24.136 loading class com/google/wireless/android/sdk/stats/JvmDetailsOrBuilder
Event: 24.136 loading class com/google/wireless/android/sdk/stats/JvmDetailsOrBuilder done
Event: 24.137 loading class com/google/wireless/android/sdk/stats/AndroidStudioEvent$1
Event: 24.137 loading class com/google/wireless/android/sdk/stats/AndroidStudioEvent$1 done
Event: 24.138 loading class com/google/wireless/android/sdk/stats/AndroidStudioEvent$Builder
Event: 24.138 loading class com/google/wireless/android/sdk/stats/AndroidStudioEvent$Builder done
Event: 24.144 loading class com/google/wireless/android/sdk/stats/JvmDetails
Event: 24.144 loading class com/google/wireless/android/sdk/stats/JvmDetails done


Dynamic libraries:
0x00007ff7cf2c0000 - 0x00007ff7cf2f1000 	C:\Program Files\Android\Android Studio\jre\bin\java.exe
0x00007fff0dbe0000 - 0x00007fff0ddc1000 	C:\WINDOWS\SYSTEM32\ntdll.dll
0x00007fff0c4b0000 - 0x00007fff0c562000 	C:\WINDOWS\System32\KERNEL32.DLL
0x00007fff09fb0000 - 0x00007fff0a223000 	C:\WINDOWS\System32\KERNELBASE.dll
0x00007fff079c0000 - 0x00007fff07a4b000 	C:\WINDOWS\SYSTEM32\apphelp.dll
0x00007ffed5330000 - 0x00007ffed57bf000 	C:\WINDOWS\SYSTEM32\AcLayers.DLL
0x00007fff0cf00000 - 0x00007fff0cf9e000 	C:\WINDOWS\System32\msvcrt.dll
0x00007fff0cfa0000 - 0x00007fff0d130000 	C:\WINDOWS\System32\USER32.dll
0x00007fff0a530000 - 0x00007fff0a550000 	C:\WINDOWS\System32\win32u.dll
0x00007fff0d130000 - 0x00007fff0d158000 	C:\WINDOWS\System32\GDI32.dll
0x00007fff0a550000 - 0x00007fff0a6e2000 	C:\WINDOWS\System32\gdi32full.dll
0x00007fff0a430000 - 0x00007fff0a4cf000 	C:\WINDOWS\System32\msvcp_win.dll
0x00007fff0a2e0000 - 0x00007fff0a3da000 	C:\WINDOWS\System32\ucrtbase.dll
0x00007fff0cad0000 - 0x00007fff0cb21000 	C:\WINDOWS\System32\SHLWAPI.dll
0x00007fff0d520000 - 0x00007fff0d843000 	C:\WINDOWS\System32\combase.dll
0x00007fff0ccd0000 - 0x00007fff0cdf4000 	C:\WINDOWS\System32\RPCRT4.dll
0x00007fff0a6f0000 - 0x00007fff0a76a000 	C:\WINDOWS\System32\bcryptPrimitives.dll
0x00007ffef1420000 - 0x00007ffef14a4000 	C:\WINDOWS\SYSTEM32\WINSPOOL.DRV
0x00007fff09f90000 - 0x00007fff09fa1000 	C:\WINDOWS\System32\kernel.appcore.dll
0x00007fff06110000 - 0x00007fff062c4000 	C:\WINDOWS\SYSTEM32\PROPSYS.dll
0x00007fff0da70000 - 0x00007fff0db32000 	C:\WINDOWS\System32\OLEAUT32.dll
0x00007fff0ca20000 - 0x00007fff0cac9000 	C:\WINDOWS\System32\shcore.dll
0x00007fff0db50000 - 0x00007fff0dbab000 	C:\WINDOWS\System32\sechost.dll
0x00007fff09130000 - 0x00007fff09168000 	C:\WINDOWS\SYSTEM32\IPHLPAPI.DLL
0x00007fff099a0000 - 0x00007fff099c5000 	C:\WINDOWS\SYSTEM32\bcrypt.dll
0x0000000000a40000 - 0x0000000000a43000 	C:\WINDOWS\SYSTEM32\sfc.dll
0x00007ffef5820000 - 0x00007ffef5833000 	C:\WINDOWS\SYSTEM32\sfc_os.DLL
0x00007fff049c0000 - 0x00007fff049d1000 	C:\WINDOWS\SYSTEM32\SortWindows61.dll
0x00007fff0ce20000 - 0x00007fff0ce4d000 	C:\WINDOWS\System32\IMM32.DLL
0x00007fff0ce50000 - 0x00007fff0cef1000 	C:\WINDOWS\System32\ADVAPI32.dll
0x00007ffef54b0000 - 0x00007ffef5719000 	C:\WINDOWS\WinSxS\amd64_microsoft.windows.common-controls_6595b64144ccf1df_6.0.17134.165_none_fb429645306569ac\COMCTL32.dll
0x0000000058c60000 - 0x0000000058d32000 	C:\Program Files\Android\Android Studio\jre\jre\bin\msvcr100.dll
0x0000000058d40000 - 0x000000005957f000 	C:\Program Files\Android\Android Studio\jre\jre\bin\server\jvm.dll
0x00007fff0db40000 - 0x00007fff0db48000 	C:\WINDOWS\System32\PSAPI.DLL
0x00007ffef7e20000 - 0x00007ffef7e29000 	C:\WINDOWS\SYSTEM32\WSOCK32.dll
0x00007fff03ea0000 - 0x00007fff03eaa000 	C:\WINDOWS\SYSTEM32\VERSION.dll
0x00007fff077b0000 - 0x00007fff077d3000 	C:\WINDOWS\SYSTEM32\WINMM.dll
0x00007fff0d4b0000 - 0x00007fff0d51c000 	C:\WINDOWS\System32\WS2_32.dll
0x00007fff07780000 - 0x00007fff077aa000 	C:\WINDOWS\SYSTEM32\WINMMBASE.dll
0x00007fff0a3e0000 - 0x00007fff0a429000 	C:\WINDOWS\System32\cfgmgr32.dll
0x00007fff049b0000 - 0x00007fff049bf000 	C:\Program Files\Android\Android Studio\jre\jre\bin\verify.dll
0x00007ffefcb70000 - 0x00007ffefcb99000 	C:\Program Files\Android\Android Studio\jre\jre\bin\java.dll
0x00007fff04990000 - 0x00007fff049a6000 	C:\Program Files\Android\Android Studio\jre\jre\bin\zip.dll
0x00007fff0b070000 - 0x00007fff0c4b0000 	C:\WINDOWS\System32\SHELL32.dll
0x00007fff0a960000 - 0x00007fff0b06d000 	C:\WINDOWS\System32\windows.storage.dll
0x00007fff09f20000 - 0x00007fff09f3f000 	C:\WINDOWS\System32\profapi.dll
0x00007fff09f40000 - 0x00007fff09f8c000 	C:\WINDOWS\System32\powrprof.dll
0x00007fff09ef0000 - 0x00007fff09efa000 	C:\WINDOWS\System32\FLTLIB.DLL
0x00007fff04180000 - 0x00007fff0419a000 	C:\Program Files\Android\Android Studio\jre\jre\bin\net.dll
0x00007fff093b0000 - 0x00007fff09416000 	C:\WINDOWS\system32\mswsock.dll
0x00007fff00b60000 - 0x00007fff00b71000 	C:\Program Files\Android\Android Studio\jre\jre\bin\nio.dll
0x00007ffefcc00000 - 0x00007ffefcc1e000 	C:\Users\Ahrorus\.gradle\native\25\windows-amd64\native-platform.dll
0x00007fff04000000 - 0x00007fff0400d000 	C:\Program Files\Android\Android Studio\jre\jre\bin\management.dll
0x00007fff09c10000 - 0x00007fff09c27000 	C:\WINDOWS\SYSTEM32\CRYPTSP.dll
0x00007fff08f90000 - 0x00007fff08fc3000 	C:\WINDOWS\system32\rsaenh.dll
0x00007fff09df0000 - 0x00007fff09e18000 	C:\WINDOWS\SYSTEM32\USERENV.dll
0x00007fff09560000 - 0x00007fff0956b000 	C:\WINDOWS\SYSTEM32\CRYPTBASE.dll
0x00007fff0ccc0000 - 0x00007fff0ccc8000 	C:\WINDOWS\System32\NSI.dll
0x00007fff02050000 - 0x00007fff02066000 	C:\WINDOWS\SYSTEM32\dhcpcsvc6.DLL
0x00007fff02030000 - 0x00007fff0204a000 	C:\WINDOWS\SYSTEM32\dhcpcsvc.DLL
0x00007fff09a40000 - 0x00007fff09c09000 	C:\WINDOWS\SYSTEM32\dbghelp.dll

VM Arguments:
jvm_args: -Xmx1536M -Dfile.encoding=windows-1251 -Duser.country=US -Duser.language=en -Duser.variant 
java_command: org.gradle.launcher.daemon.bootstrap.GradleDaemon 4.1
java_class_path (initial): C:\Users\Ahrorus\.gradle\wrapper\dists\gradle-4.1-all\bzyivzo6n839fup2jbap0tjew\gradle-4.1\lib\gradle-launcher-4.1.jar
Launcher Type: SUN_STANDARD

Environment Variables:
JAVA_HOME=C:\Program Files\Android\Android Studio\jre
CLASSPATH=D:\Flutter_Projects\salaah_time\android\\gradle\wrapper\gradle-wrapper.jar
PATH=C:\WINDOWS\system32;C:\WINDOWS;C:\WINDOWS\System32\Wbem;C:\WINDOWS\System32\WindowsPowerShell\v1.0\;C:\Program Files (x86)\Skype\Phone\;C:\Program Files\Git\cmd;C:\Program Files\Dart\dart-sdk\bin;C:\WINDOWS\System32\OpenSSH\;C:\Users\Ahrorus\AppData\Local\Microsoft\WindowsApps;C:\Program Files\Flutter_SDK\flutter\bin;;C:\Program Files\Flutter_SDK\flutter\bin\mingit\cmd
USERNAME=Ahrorus
OS=Windows_NT
PROCESSOR_IDENTIFIER=Intel64 Family 6 Model 58 Stepping 9, GenuineIntel



---------------  S Y S T E M  ---------------

OS: Windows 10.0 , 64 bit Build 17134 (10.0.17134.1)

CPU:total 8 (initial active 8) (4 cores per cpu, 2 threads per core) family 6 model 58 stepping 9, cmov, cx8, fxsr, mmx, sse, sse2, sse3, ssse3, sse4.1, sse4.2, popcnt, avx, aes, clmul, erms, ht, tsc, tscinvbit, tscinv

Memory: 4k page, physical 16655772k(8152868k free), swap 18344348k(7482232k free)

vm_info: OpenJDK 64-Bit Server VM (25.152-b02) for windows-amd64 JRE (1.8.0_152-release-1024-b02), built by "builder" with MS VC++ 10.0 (VS2010)

time: Thu Jul 12 13:25:31 2018
elapsed time: 24 seconds (0d 0h 0m 24s)

