#
# A fatal error has been detected by the Java Runtime Environment:
#
#  EXCEPTION_ACCESS_VIOLATION (0xc0000005) at pc=0x00000000591ad430, pid=3764, tid=0x000000000000298c
#
# JRE version: OpenJDK Runtime Environment (8.0_152-b02) (build 1.8.0_152-release-1024-b02)
# Java VM: OpenJDK 64-Bit Server VM (25.152-b02 mixed mode windows-amd64 compressed oops)
# Problematic frame:
# V  [jvm.dll+0x46d430]
#
# Failed to write core dump. Minidumps are not enabled by default on client versions of Windows
#
# If you would like to submit a bug report, please visit:
#   http://bugreport.java.com/bugreport/crash.jsp
#

---------------  T H R E A D  ---------------

Current thread (0x0000000018907800):  JavaThread "C2 CompilerThread0" daemon [_thread_in_native, id=10636, stack(0x0000000019c00000,0x0000000019d00000)]

siginfo: ExceptionCode=0xc0000005, reading address 0x0000100059505090

Registers:
RAX=0x0000000000000000, RBX=0x0000000022566ef0, RCX=0x0000100059505090, RDX=0x0000000000000000
RSP=0x0000000019cfc760, RBP=0x0000000000000007, RSI=0x0000000000000038, RDI=0x0000000019cfc7b0
R8 =0x0000000000100000, R9 =0x000000001fd1fec0, R10=0x0000000058d40000, R11=0x0000000019cfc680
R12=0x0000000059505090, R13=0x0000000058d40000, R14=0x000000001c7e0158, R15=0x00000000000003d8
RIP=0x00000000591ad430, EFLAGS=0x0000000000010246

Top of Stack: (sp=0x0000000019cfc760)
0x0000000019cfc760:   0000000019cfef40 0000000022566130
0x0000000019cfc770:   fffffffffffffff8 00000000188e9a40
0x0000000019cfc780:   0000000000001674 00000000591a84ff
0x0000000019cfc790:   000000002261d650 0000000022566ef0
0x0000000019cfc7a0:   0000000000001674 0000000019cfc890
0x0000000019cfc7b0:   0000043400000000 0000000000000002
0x0000000019cfc7c0:   0000100059505090 0000000000000005
0x0000000019cfc7d0:   000000001f7ad230 000000000000002e
0x0000000019cfc7e0:   000000002261d8d0 0000000019cfcb80
0x0000000019cfc7f0:   000000001c7dfd80 0000000019cfcb80
0x0000000019cfc800:   000000001c7dfd70 0000000059174ac6
0x0000000019cfc810:   0000000019cfcc90 0000000019cfc910
0x0000000019cfc820:   0000000000000000 0000000000000009
0x0000000019cfc830:   0000000000000002 000000001c7dfd70
0x0000000019cfc840:   000000001fd1f000 000000001fd20330
0x0000000019cfc850:   000000001fd26fe8 0000000000b63960 

Instructions: (pc=0x00000000591ad430)
0x00000000591ad410:   48 8b 4f 20 48 39 04 0e 0f 84 9d 00 00 00 48 8b
0x00000000591ad420:   0c 0e 33 d2 33 c0 48 89 4f 10 66 0f 1f 44 00 00
0x00000000591ad430:   83 3c 08 00 0f 85 36 01 00 00 ff c2 48 83 c0 04
0x00000000591ad440:   83 fa 08 72 eb 48 8b 47 30 48 89 44 24 30 48 85 


Register to memory mapping:

RAX=0x0000000000000000 is an unknown value
RBX=0x0000000022566ef0 is an unknown value
RCX=0x0000100059505090 is an unknown value
RDX=0x0000000000000000 is an unknown value
RSP=0x0000000019cfc760 is pointing into the stack for thread: 0x0000000018907800
RBP=0x0000000000000007 is an unknown value
RSI=0x0000000000000038 is an unknown value
RDI=0x0000000019cfc7b0 is pointing into the stack for thread: 0x0000000018907800
R8 =0x0000000000100000 is an unknown value
R9 =0x000000001fd1fec0 is an unknown value
R10=0x0000000058d40000 is an unknown value
R11=0x0000000019cfc680 is pointing into the stack for thread: 0x0000000018907800
R12=0x0000000059505090 is an unknown value
R13=0x0000000058d40000 is an unknown value
R14=0x000000001c7e0158 is an unknown value
R15=0x00000000000003d8 is an unknown value


Stack: [0x0000000019c00000,0x0000000019d00000],  sp=0x0000000019cfc760,  free space=1009k
Native frames: (J=compiled Java code, j=interpreted, Vv=VM code, C=native code)
V  [jvm.dll+0x46d430]
V  [jvm.dll+0x4684ff]
V  [jvm.dll+0x434ac6]
V  [jvm.dll+0x43f76b]
V  [jvm.dll+0x44203e]
V  [jvm.dll+0x4250b2]
V  [jvm.dll+0x814c8]
V  [jvm.dll+0x81dff]
V  [jvm.dll+0x21d2df]
V  [jvm.dll+0x26d7ea]
C  [msvcr100.dll+0x21d9f]
C  [msvcr100.dll+0x21e3b]
C  [KERNEL32.DLL+0x13034]
C  [ntdll.dll+0x71431]


Current CompileTask:
C2:  37697 7423       4       java.net.URLClassLoader$1::run (5 bytes)


---------------  P R O C E S S  ---------------

Java Threads: ( => current thread )
  0x00000000207cf800 JavaThread "ForkJoinPool.commonPool-worker-1" daemon [_thread_in_Java, id=6968, stack(0x000000002b160000,0x000000002b260000)]
  0x000000001aeab800 JavaThread "Task worker for ':' Thread 7" [_thread_blocked, id=2964, stack(0x000000002aa60000,0x000000002ab60000)]
  0x000000001aeb0000 JavaThread "Task worker for ':' Thread 6" [_thread_blocked, id=7008, stack(0x000000002a960000,0x000000002aa60000)]
  0x000000001aeb1800 JavaThread "Task worker for ':' Thread 5" [_thread_blocked, id=3448, stack(0x000000002a860000,0x000000002a960000)]
  0x000000001aead800 JavaThread "Task worker for ':' Thread 4" [_thread_blocked, id=9620, stack(0x000000002a760000,0x000000002a860000)]
  0x000000001aeb2000 JavaThread "Task worker for ':' Thread 3" [_thread_blocked, id=5476, stack(0x000000002a660000,0x000000002a760000)]
  0x000000001aeb0800 JavaThread "Task worker for ':' Thread 2" [_thread_blocked, id=1128, stack(0x000000002a560000,0x000000002a660000)]
  0x000000001aead000 JavaThread "Task worker for ':'" [_thread_blocked, id=9496, stack(0x000000002a460000,0x000000002a560000)]
  0x000000001aeaf000 JavaThread "Cache worker for task history cache (D:\Flutter_Projects\salaah_time\android\.gradle\4.1\taskHistory)" [_thread_blocked, id=5048, stack(0x000000002a360000,0x000000002a460000)]
  0x000000001aeac000 JavaThread "Cache worker for file content cache (D:\Flutter_Projects\salaah_time\android\.gradle\4.1\fileContent)" [_thread_blocked, id=3116, stack(0x000000002a260000,0x000000002a360000)]
  0x000000001aea6000 JavaThread "build operations Thread 8" [_thread_blocked, id=1932, stack(0x000000002a160000,0x000000002a260000)]
  0x000000001aea3000 JavaThread "build operations Thread 7" [_thread_blocked, id=220, stack(0x000000002a060000,0x000000002a160000)]
  0x000000001aea5800 JavaThread "build operations Thread 6" [_thread_blocked, id=2656, stack(0x0000000029f60000,0x000000002a060000)]
  0x000000001aea4800 JavaThread "build operations Thread 5" [_thread_blocked, id=2124, stack(0x0000000029e60000,0x0000000029f60000)]
  0x000000001aea9000 JavaThread "build operations Thread 4" [_thread_blocked, id=9144, stack(0x0000000029d60000,0x0000000029e60000)]
  0x000000001aeaa000 JavaThread "build operations Thread 3" [_thread_blocked, id=2736, stack(0x0000000029c60000,0x0000000029d60000)]
  0x000000001aea8800 JavaThread "build operations Thread 2" [_thread_blocked, id=3088, stack(0x0000000029b60000,0x0000000029c60000)]
  0x000000001aea7000 JavaThread "build operations" [_thread_blocked, id=10276, stack(0x0000000029a60000,0x0000000029b60000)]
  0x000000001aea7800 JavaThread "Cache worker for Artifact transforms cache (C:\Users\Ahrorus\.gradle\caches\transforms-1)" [_thread_blocked, id=4616, stack(0x0000000029960000,0x0000000029a60000)]
  0x0000000020172800 JavaThread "Cache worker for file hash cache (D:\Flutter_Projects\salaah_time\android\.gradle\4.1\fileHashes)" [_thread_blocked, id=9636, stack(0x0000000029860000,0x0000000029960000)]
  0x0000000020171800 JavaThread "Stdin handler" [_thread_blocked, id=2672, stack(0x0000000029760000,0x0000000029860000)]
  0x0000000020177800 JavaThread "Asynchronous log dispatcher for DefaultDaemonConnection: socket connection from /127.0.0.1:56728 to /127.0.0.1:56765" [_thread_blocked, id=9072, stack(0x0000000029660000,0x0000000029760000)]
  0x0000000020170000 JavaThread "Cancel handler" [_thread_blocked, id=356, stack(0x0000000029560000,0x0000000029660000)]
  0x0000000020174000 JavaThread "Handler for socket connection from /127.0.0.1:56728 to /127.0.0.1:56765" [_thread_in_native, id=5584, stack(0x0000000029460000,0x0000000029560000)]
  0x0000000020174800 JavaThread "Memory manager" [_thread_blocked, id=2856, stack(0x0000000026a70000,0x0000000026b70000)]
  0x000000001c64d000 JavaThread "File lock request listener" [_thread_in_native, id=11252, stack(0x000000001eb20000,0x000000001ec20000)]
  0x000000001ab0e000 JavaThread "Cache worker for file hash cache (C:\Users\Ahrorus\.gradle\caches\4.1\fileHashes)" [_thread_blocked, id=11156, stack(0x000000001ea20000,0x000000001eb20000)]
  0x000000001a772800 JavaThread "Daemon worker" [_thread_blocked, id=7520, stack(0x000000001e620000,0x000000001e720000)]
  0x0000000018b3f800 JavaThread "Daemon" [_thread_blocked, id=2996, stack(0x000000001e120000,0x000000001e220000)]
  0x000000001b301000 JavaThread "Daemon periodic checks" [_thread_blocked, id=9568, stack(0x000000001e020000,0x000000001e120000)]
  0x000000001a2a3000 JavaThread "Incoming local TCP Connector on port 56728" [_thread_in_native, id=10552, stack(0x000000001dde0000,0x000000001dee0000)]
  0x0000000018991800 JavaThread "Service Thread" daemon [_thread_blocked, id=4360, stack(0x000000001a000000,0x000000001a100000)]
  0x0000000018916000 JavaThread "C1 CompilerThread3" daemon [_thread_blocked, id=1008, stack(0x0000000019f00000,0x000000001a000000)]
  0x0000000018915000 JavaThread "C2 CompilerThread2" daemon [_thread_blocked, id=5808, stack(0x0000000019e00000,0x0000000019f00000)]
  0x000000001890c800 JavaThread "C2 CompilerThread1" daemon [_thread_in_native, id=7444, stack(0x0000000019d00000,0x0000000019e00000)]
=>0x0000000018907800 JavaThread "C2 CompilerThread0" daemon [_thread_in_native, id=10636, stack(0x0000000019c00000,0x0000000019d00000)]
  0x00000000188fe800 JavaThread "Attach Listener" daemon [_thread_blocked, id=1820, stack(0x0000000019b00000,0x0000000019c00000)]
  0x00000000188fd800 JavaThread "Signal Dispatcher" daemon [_thread_blocked, id=6828, stack(0x0000000019a00000,0x0000000019b00000)]
  0x00000000188b4800 JavaThread "Finalizer" daemon [_thread_blocked, id=10888, stack(0x00000000197f0000,0x00000000198f0000)]
  0x0000000018884000 JavaThread "Reference Handler" daemon [_thread_blocked, id=10048, stack(0x00000000196f0000,0x00000000197f0000)]
  0x0000000003658800 JavaThread "main" [_thread_blocked, id=6740, stack(0x0000000003550000,0x0000000003650000)]

Other Threads:
  0x0000000017510000 VMThread [stack: 0x00000000195f0000,0x00000000196f0000] [id=11216]
  0x0000000018996800 WatcherThread [stack: 0x000000001a100000,0x000000001a200000] [id=7556]

VM state:not at safepoint (normal execution)

VM Mutex/Monitor currently owned by a thread: None

Heap:
 PSYoungGen      total 236544K, used 15845K [0x00000000e0000000, 0x00000000f0700000, 0x0000000100000000)
  eden space 213504K, 7% used [0x00000000e0000000,0x00000000e0f79558,0x00000000ed080000)
  from space 23040K, 0% used [0x00000000ef080000,0x00000000ef080000,0x00000000f0700000)
  to   space 27136K, 0% used [0x00000000ed200000,0x00000000ed200000,0x00000000eec80000)
 ParOldGen       total 245248K, used 35514K [0x00000000a0000000, 0x00000000aef80000, 0x00000000e0000000)
  object space 245248K, 14% used [0x00000000a0000000,0x00000000a22aeb38,0x00000000aef80000)
 Metaspace       used 57978K, capacity 60280K, committed 60504K, reserved 1101824K
  class space    used 7756K, capacity 8311K, committed 8320K, reserved 1048576K

Card table byte_map: [0x0000000012b10000,0x0000000012e20000] byte_map_base: 0x0000000012610000

Marking Bits: (ParMarkBitMap*) 0x0000000059504970
 Begin Bits: [0x0000000013820000, 0x0000000015020000)
 End Bits:   [0x0000000015020000, 0x0000000016820000)

Polling page: 0x0000000001710000

CodeCache: size=245760Kb used=20822Kb max_used=20938Kb free=224938Kb
 bounds [0x0000000003750000, 0x0000000004bf0000, 0x0000000012750000]
 total_blobs=7243 nmethods=6445 adapters=710
 compilation: enabled

Compilation events (10 events):
Event: 37.224 Thread 0x0000000018916000 7430   !   3       java.util.zip.Inflater::finished (19 bytes)
Event: 37.225 Thread 0x0000000018916000 nmethod 7430 0x0000000004a62110 code [0x0000000004a62260, 0x0000000004a62550]
Event: 37.288 Thread 0x0000000018915000 7431   !   4       java.util.zip.Inflater::finished (19 bytes)
Event: 37.290 Thread 0x0000000018915000 nmethod 7431 0x00000000042cbd10 code [0x00000000042cbe60, 0x00000000042cc098]
Event: 37.303 Thread 0x0000000018916000 7432       1       com.android.apksig.internal.jar.ManifestParser$Attribute::getName (5 bytes)
Event: 37.304 Thread 0x0000000018916000 nmethod 7432 0x0000000004055810 code [0x0000000004055960, 0x0000000004055a70]
Event: 37.335 Thread 0x0000000018916000 7433       1       com.android.apksig.internal.zip.CentralDirectoryRecord::getName (5 bytes)
Event: 37.335 Thread 0x0000000018916000 nmethod 7433 0x0000000003d37b90 code [0x0000000003d37ce0, 0x0000000003d37df0]
Event: 37.360 Thread 0x0000000018916000 7434       3       java.util.zip.Inflater::inflate (9 bytes)
Event: 37.361 Thread 0x0000000018916000 nmethod 7434 0x0000000003d37790 code [0x0000000003d37900, 0x0000000003d37aa8]

GC Heap History (10 events):
Event: 9.727 GC heap before
{Heap before GC invocations=7 (full 2):
 PSYoungGen      total 138240K, used 10736K [0x00000000e0000000, 0x00000000ebf80000, 0x0000000100000000)
  eden space 127488K, 0% used [0x00000000e0000000,0x00000000e0000000,0x00000000e7c80000)
  from space 10752K, 99% used [0x00000000e7c80000,0x00000000e86fc1f8,0x00000000e8700000)
  to   space 14848K, 0% used [0x00000000eb100000,0x00000000eb100000,0x00000000ebf80000)
 ParOldGen       total 99328K, used 10030K [0x00000000a0000000, 0x00000000a6100000, 0x00000000e0000000)
  object space 99328K, 10% used [0x00000000a0000000,0x00000000a09cbb30,0x00000000a6100000)
 Metaspace       used 34767K, capacity 35398K, committed 35416K, reserved 1079296K
  class space    used 4762K, capacity 4984K, committed 4992K, reserved 1048576K
Event: 9.828 GC heap after
Heap after GC invocations=7 (full 2):
 PSYoungGen      total 138240K, used 0K [0x00000000e0000000, 0x00000000ebf80000, 0x0000000100000000)
  eden space 127488K, 0% used [0x00000000e0000000,0x00000000e0000000,0x00000000e7c80000)
  from space 10752K, 0% used [0x00000000e7c80000,0x00000000e7c80000,0x00000000e8700000)
  to   space 14848K, 0% used [0x00000000eb100000,0x00000000eb100000,0x00000000ebf80000)
 ParOldGen       total 165376K, used 18722K [0x00000000a0000000, 0x00000000aa180000, 0x00000000e0000000)
  object space 165376K, 11% used [0x00000000a0000000,0x00000000a1248a58,0x00000000aa180000)
 Metaspace       used 34767K, capacity 35398K, committed 35416K, reserved 1079296K
  class space    used 4762K, capacity 4984K, committed 4992K, reserved 1048576K
}
Event: 12.271 GC heap before
{Heap before GC invocations=8 (full 2):
 PSYoungGen      total 138240K, used 127488K [0x00000000e0000000, 0x00000000ebf80000, 0x0000000100000000)
  eden space 127488K, 100% used [0x00000000e0000000,0x00000000e7c80000,0x00000000e7c80000)
  from space 10752K, 0% used [0x00000000e7c80000,0x00000000e7c80000,0x00000000e8700000)
  to   space 14848K, 0% used [0x00000000eb100000,0x00000000eb100000,0x00000000ebf80000)
 ParOldGen       total 165376K, used 18722K [0x00000000a0000000, 0x00000000aa180000, 0x00000000e0000000)
  object space 165376K, 11% used [0x00000000a0000000,0x00000000a1248a58,0x00000000aa180000)
 Metaspace       used 39675K, capacity 40700K, committed 40920K, reserved 1085440K
  class space    used 5433K, capacity 5779K, committed 5888K, reserved 1048576K
Event: 12.289 GC heap after
Heap after GC invocations=8 (full 2):
 PSYoungGen      total 179712K, used 13346K [0x00000000e0000000, 0x00000000eca00000, 0x0000000100000000)
  eden space 164864K, 0% used [0x00000000e0000000,0x00000000e0000000,0x00000000ea100000)
  from space 14848K, 89% used [0x00000000eb100000,0x00000000ebe08bf8,0x00000000ebf80000)
  to   space 16384K, 0% used [0x00000000ea100000,0x00000000ea100000,0x00000000eb100000)
 ParOldGen       total 165376K, used 18730K [0x00000000a0000000, 0x00000000aa180000, 0x00000000e0000000)
  object space 165376K, 11% used [0x00000000a0000000,0x00000000a124aa58,0x00000000aa180000)
 Metaspace       used 39675K, capacity 40700K, committed 40920K, reserved 1085440K
  class space    used 5433K, capacity 5779K, committed 5888K, reserved 1048576K
}
Event: 16.645 GC heap before
{Heap before GC invocations=9 (full 2):
 PSYoungGen      total 179712K, used 178210K [0x00000000e0000000, 0x00000000eca00000, 0x0000000100000000)
  eden space 164864K, 100% used [0x00000000e0000000,0x00000000ea100000,0x00000000ea100000)
  from space 14848K, 89% used [0x00000000eb100000,0x00000000ebe08bf8,0x00000000ebf80000)
  to   space 16384K, 0% used [0x00000000ea100000,0x00000000ea100000,0x00000000eb100000)
 ParOldGen       total 165376K, used 18730K [0x00000000a0000000, 0x00000000aa180000, 0x00000000e0000000)
  object space 165376K, 11% used [0x00000000a0000000,0x00000000a124aa58,0x00000000aa180000)
 Metaspace       used 54361K, capacity 56354K, committed 56408K, reserved 1097728K
  class space    used 7307K, capacity 7789K, committed 7808K, reserved 1048576K
Event: 16.674 GC heap after
Heap after GC invocations=9 (full 2):
 PSYoungGen      total 181248K, used 16367K [0x00000000e0000000, 0x00000000f0800000, 0x0000000100000000)
  eden space 164864K, 0% used [0x00000000e0000000,0x00000000e0000000,0x00000000ea100000)
  from space 16384K, 99% used [0x00000000ea100000,0x00000000eb0fbf20,0x00000000eb100000)
  to   space 24064K, 0% used [0x00000000ef080000,0x00000000ef080000,0x00000000f0800000)
 ParOldGen       total 165376K, used 30367K [0x00000000a0000000, 0x00000000aa180000, 0x00000000e0000000)
  object space 165376K, 18% used [0x00000000a0000000,0x00000000a1da7f40,0x00000000aa180000)
 Metaspace       used 54361K, capacity 56354K, committed 56408K, reserved 1097728K
  class space    used 7307K, capacity 7789K, committed 7808K, reserved 1048576K
}
Event: 36.033 GC heap before
{Heap before GC invocations=10 (full 2):
 PSYoungGen      total 181248K, used 98888K [0x00000000e0000000, 0x00000000f0800000, 0x0000000100000000)
  eden space 164864K, 50% used [0x00000000e0000000,0x00000000e5096338,0x00000000ea100000)
  from space 16384K, 99% used [0x00000000ea100000,0x00000000eb0fbf20,0x00000000eb100000)
  to   space 24064K, 0% used [0x00000000ef080000,0x00000000ef080000,0x00000000f0800000)
 ParOldGen       total 165376K, used 30367K [0x00000000a0000000, 0x00000000aa180000, 0x00000000e0000000)
  object space 165376K, 18% used [0x00000000a0000000,0x00000000a1da7f40,0x00000000aa180000)
 Metaspace       used 56715K, capacity 58960K, committed 59028K, reserved 1099776K
  class space    used 7590K, capacity 8135K, committed 8192K, reserved 1048576K
Event: 36.055 GC heap after
Heap after GC invocations=10 (full 2):
 PSYoungGen      total 236544K, used 22696K [0x00000000e0000000, 0x00000000f0700000, 0x0000000100000000)
  eden space 213504K, 0% used [0x00000000e0000000,0x00000000e0000000,0x00000000ed080000)
  from space 23040K, 98% used [0x00000000ef080000,0x00000000f06aa380,0x00000000f0700000)
  to   space 27136K, 0% used [0x00000000ed200000,0x00000000ed200000,0x00000000eec80000)
 ParOldGen       total 165376K, used 30375K [0x00000000a0000000, 0x00000000aa180000, 0x00000000e0000000)
  object space 165376K, 18% used [0x00000000a0000000,0x00000000a1da9f40,0x00000000aa180000)
 Metaspace       used 56715K, capacity 58960K, committed 59028K, reserved 1099776K
  class space    used 7590K, capacity 8135K, committed 8192K, reserved 1048576K
}
Event: 36.055 GC heap before
{Heap before GC invocations=11 (full 3):
 PSYoungGen      total 236544K, used 22696K [0x00000000e0000000, 0x00000000f0700000, 0x0000000100000000)
  eden space 213504K, 0% used [0x00000000e0000000,0x00000000e0000000,0x00000000ed080000)
  from space 23040K, 98% used [0x00000000ef080000,0x00000000f06aa380,0x00000000f0700000)
  to   space 27136K, 0% used [0x00000000ed200000,0x00000000ed200000,0x00000000eec80000)
 ParOldGen       total 165376K, used 30375K [0x00000000a0000000, 0x00000000aa180000, 0x00000000e0000000)
  object space 165376K, 18% used [0x00000000a0000000,0x00000000a1da9f40,0x00000000aa180000)
 Metaspace       used 56715K, capacity 58960K, committed 59028K, reserved 1099776K
  class space    used 7590K, capacity 8135K, committed 8192K, reserved 1048576K
Event: 36.268 GC heap after
Heap after GC invocations=11 (full 3):
 PSYoungGen      total 236544K, used 0K [0x00000000e0000000, 0x00000000f0700000, 0x0000000100000000)
  eden space 213504K, 0% used [0x00000000e0000000,0x00000000e0000000,0x00000000ed080000)
  from space 23040K, 0% used [0x00000000ef080000,0x00000000ef080000,0x00000000f0700000)
  to   space 27136K, 0% used [0x00000000ed200000,0x00000000ed200000,0x00000000eec80000)
 ParOldGen       total 245248K, used 35514K [0x00000000a0000000, 0x00000000aef80000, 0x00000000e0000000)
  object space 245248K, 14% used [0x00000000a0000000,0x00000000a22aeb38,0x00000000aef80000)
 Metaspace       used 56715K, capacity 58960K, committed 59028K, reserved 1099776K
  class space    used 7590K, capacity 8135K, committed 8192K, reserved 1048576K
}

Deoptimization events (10 events):
Event: 21.845 Thread 0x000000001aead000 Uncommon trap: reason=unstable_if action=reinterpret pc=0x000000000385f7d8 method=java.lang.String.regionMatches(ZILjava/lang/String;II)Z @ 102
Event: 22.546 Thread 0x000000001aeaf000 Uncommon trap: reason=bimorphic action=maybe_recompile pc=0x00000000043db7c0 method=java.io.BufferedInputStream.read1([BII)I @ 39
Event: 22.547 Thread 0x000000001aeaf000 Uncommon trap: reason=unstable_if action=reinterpret pc=0x0000000004027114 method=com.esotericsoftware.kryo.io.Input.readUtf8(I)V @ 79
Event: 22.612 Thread 0x000000001aead000 Uncommon trap: reason=predicate action=maybe_recompile pc=0x0000000004924ec4 method=java.util.Arrays$ArrayList.indexOf(Ljava/lang/Object;)I @ 42
Event: 35.250 Thread 0x000000001aeaf000 Uncommon trap: reason=bimorphic action=maybe_recompile pc=0x00000000043db7c0 method=java.io.BufferedInputStream.read1([BII)I @ 39
Event: 36.268 Thread 0x0000000018884000 Uncommon trap: reason=unstable_if action=reinterpret pc=0x0000000003bd1fb4 method=java.lang.ref.Reference.tryHandlePending(Z)Z @ 20
Event: 36.357 Thread 0x00000000207cf800 Uncommon trap: reason=bimorphic action=maybe_recompile pc=0x000000000450b3a4 method=java.io.DataInputStream.readUnsignedShort()I @ 4
Event: 36.357 Thread 0x00000000207cf800 Uncommon trap: reason=bimorphic action=maybe_recompile pc=0x000000000450b3a4 method=java.io.DataInputStream.readUnsignedShort()I @ 4
Event: 36.739 Thread 0x00000000207cf800 Uncommon trap: reason=class_check action=maybe_recompile pc=0x0000000003c44bb8 method=java.util.zip.InflaterInputStream.read([BII)I @ 100
Event: 36.739 Thread 0x00000000207cf800 Uncommon trap: reason=class_check action=maybe_recompile pc=0x0000000003c44bb8 method=java.util.zip.InflaterInputStream.read([BII)I @ 100

Classes redefined (0 events):
No events

Internal exceptions (10 events):
Event: 22.591 Thread 0x000000001aead000 Exception <a 'java/lang/ClassNotFoundException': org/gradle/process/internal/DefaultExecHandleBuilderBeanInfo> (0x00000000e3fbcb40) thrown at [D:\src\AOSP-openjdk-cygwin\jdk8u\hotspot\src\share\vm\classfile\systemDictionary.cpp, line 210]
Event: 22.592 Thread 0x000000001aead000 Exception <a 'java/lang/ClassNotFoundException': org/gradle/process/internal/AbstractExecHandleBuilderBeanInfo> (0x00000000e3fea550) thrown at [D:\src\AOSP-openjdk-cygwin\jdk8u\hotspot\src\share\vm\classfile\systemDictionary.cpp, line 210]
Event: 22.592 Thread 0x000000001aead000 Exception <a 'java/lang/ClassNotFoundException': org/gradle/process/internal/DefaultProcessForkOptionsBeanInfo> (0x00000000e4017f58) thrown at [D:\src\AOSP-openjdk-cygwin\jdk8u\hotspot\src\share\vm\classfile\systemDictionary.cpp, line 210]
Event: 22.594 Thread 0x000000001aead000 Exception <a 'java/lang/ClassNotFoundException': org/gradle/process/internal/DefaultProcessForkOptionsCustomizer> (0x00000000e4046380) thrown at [D:\src\AOSP-openjdk-cygwin\jdk8u\hotspot\src\share\vm\classfile\systemDictionary.cpp, line 210]
Event: 22.595 Thread 0x000000001aead000 Exception <a 'java/lang/ClassNotFoundException': org/gradle/process/internal/AbstractExecHandleBuilderCustomizer> (0x00000000e40874f8) thrown at [D:\src\AOSP-openjdk-cygwin\jdk8u\hotspot\src\share\vm\classfile\systemDictionary.cpp, line 210]
Event: 22.596 Thread 0x000000001aead000 Exception <a 'java/lang/ClassNotFoundException': org/gradle/process/internal/DefaultExecHandleBuilderCustomizer> (0x00000000e40caa28) thrown at [D:\src\AOSP-openjdk-cygwin\jdk8u\hotspot\src\share\vm\classfile\systemDictionary.cpp, line 210]
Event: 22.598 Thread 0x000000001aead000 Exception <a 'java/lang/ClassNotFoundException': org/gradle/process/internal/DefaultExecActionCustomizer> (0x00000000e412ab60) thrown at [D:\src\AOSP-openjdk-cygwin\jdk8u\hotspot\src\share\vm\classfile\systemDictionary.cpp, line 210]
Event: 22.599 Thread 0x000000001aead000 Exception <a 'java/lang/ClassNotFoundException': org/gradle/process/internal/DefaultExecAction_DecoratedCustomizer> (0x00000000e4164008) thrown at [D:\src\AOSP-openjdk-cygwin\jdk8u\hotspot\src\share\vm\classfile\systemDictionary.cpp, line 210]
Event: 35.702 Thread 0x000000001aead000 Exception <a 'java/lang/NoSuchMethodError': <clinit>> (0x00000000e48f4880) thrown at [D:\src\AOSP-openjdk-cygwin\jdk8u\hotspot\src\share\vm\prims\jni.cpp, line 1613]
Event: 35.702 Thread 0x000000001aead000 Exception <a 'java/lang/NoSuchMethodError': <clinit>> (0x00000000e48fdeb8) thrown at [D:\src\AOSP-openjdk-cygwin\jdk8u\hotspot\src\share\vm\prims\jni.cpp, line 1613]

Events (10 events):
Event: 37.205 loading class com/android/apksig/internal/pkcs7/AlgorithmIdentifier
Event: 37.205 loading class com/android/apksig/internal/pkcs7/AlgorithmIdentifier done
Event: 37.207 loading class com/android/apksig/internal/pkcs7/SignerInfo
Event: 37.207 loading class com/android/apksig/internal/pkcs7/SignerInfo done
Event: 37.208 loading class com/android/apksig/internal/pkcs7/SignerIdentifier
Event: 37.208 loading class com/android/apksig/internal/pkcs7/SignerIdentifier done
Event: 37.209 loading class com/android/apksig/internal/pkcs7/IssuerAndSerialNumber
Event: 37.209 loading class com/android/apksig/internal/pkcs7/IssuerAndSerialNumber done
Event: 37.211 loading class com/android/apksig/internal/apk/v1/V1SchemeVerifier$NamedDigest
Event: 37.211 loading class com/android/apksig/internal/apk/v1/V1SchemeVerifier$NamedDigest done


Dynamic libraries:
0x00007ff7cf2c0000 - 0x00007ff7cf2f1000 	C:\Program Files\Android\Android Studio\jre\bin\java.exe
0x00007fff0dbe0000 - 0x00007fff0ddc1000 	C:\WINDOWS\SYSTEM32\ntdll.dll
0x00007fff0c4b0000 - 0x00007fff0c562000 	C:\WINDOWS\System32\KERNEL32.DLL
0x00007fff09fb0000 - 0x00007fff0a223000 	C:\WINDOWS\System32\KERNELBASE.dll
0x00007fff079c0000 - 0x00007fff07a4b000 	C:\WINDOWS\SYSTEM32\apphelp.dll
0x00007ffed5330000 - 0x00007ffed57bf000 	C:\WINDOWS\SYSTEM32\AcLayers.DLL
0x00007fff0cf00000 - 0x00007fff0cf9e000 	C:\WINDOWS\System32\msvcrt.dll
0x00007fff0cfa0000 - 0x00007fff0d130000 	C:\WINDOWS\System32\USER32.dll
0x00007fff0a530000 - 0x00007fff0a550000 	C:\WINDOWS\System32\win32u.dll
0x00007fff0d130000 - 0x00007fff0d158000 	C:\WINDOWS\System32\GDI32.dll
0x00007fff0a550000 - 0x00007fff0a6e2000 	C:\WINDOWS\System32\gdi32full.dll
0x00007fff0a430000 - 0x00007fff0a4cf000 	C:\WINDOWS\System32\msvcp_win.dll
0x00007fff0a2e0000 - 0x00007fff0a3da000 	C:\WINDOWS\System32\ucrtbase.dll
0x00007fff0cad0000 - 0x00007fff0cb21000 	C:\WINDOWS\System32\SHLWAPI.dll
0x00007fff0d520000 - 0x00007fff0d843000 	C:\WINDOWS\System32\combase.dll
0x00007fff0ccd0000 - 0x00007fff0cdf4000 	C:\WINDOWS\System32\RPCRT4.dll
0x00007fff0a6f0000 - 0x00007fff0a76a000 	C:\WINDOWS\System32\bcryptPrimitives.dll
0x00007ffef1420000 - 0x00007ffef14a4000 	C:\WINDOWS\SYSTEM32\WINSPOOL.DRV
0x00007fff09f90000 - 0x00007fff09fa1000 	C:\WINDOWS\System32\kernel.appcore.dll
0x00007fff06110000 - 0x00007fff062c4000 	C:\WINDOWS\SYSTEM32\PROPSYS.dll
0x00007fff0da70000 - 0x00007fff0db32000 	C:\WINDOWS\System32\OLEAUT32.dll
0x00007fff0ca20000 - 0x00007fff0cac9000 	C:\WINDOWS\System32\shcore.dll
0x00007fff0db50000 - 0x00007fff0dbab000 	C:\WINDOWS\System32\sechost.dll
0x00007fff09130000 - 0x00007fff09168000 	C:\WINDOWS\SYSTEM32\IPHLPAPI.DLL
0x00007fff099a0000 - 0x00007fff099c5000 	C:\WINDOWS\SYSTEM32\bcrypt.dll
0x0000000000ff0000 - 0x0000000000ff3000 	C:\WINDOWS\SYSTEM32\sfc.dll
0x00007ffef5820000 - 0x00007ffef5833000 	C:\WINDOWS\SYSTEM32\sfc_os.DLL
0x00007fff049c0000 - 0x00007fff049d1000 	C:\WINDOWS\SYSTEM32\SortWindows61.dll
0x00007fff0ce20000 - 0x00007fff0ce4d000 	C:\WINDOWS\System32\IMM32.DLL
0x00007fff0ce50000 - 0x00007fff0cef1000 	C:\WINDOWS\System32\ADVAPI32.dll
0x00007ffef54b0000 - 0x00007ffef5719000 	C:\WINDOWS\WinSxS\amd64_microsoft.windows.common-controls_6595b64144ccf1df_6.0.17134.165_none_fb429645306569ac\COMCTL32.dll
0x0000000058c60000 - 0x0000000058d32000 	C:\Program Files\Android\Android Studio\jre\jre\bin\msvcr100.dll
0x0000000058d40000 - 0x000000005957f000 	C:\Program Files\Android\Android Studio\jre\jre\bin\server\jvm.dll
0x00007fff0db40000 - 0x00007fff0db48000 	C:\WINDOWS\System32\PSAPI.DLL
0x00007fff077b0000 - 0x00007fff077d3000 	C:\WINDOWS\SYSTEM32\WINMM.dll
0x00007ffef7e20000 - 0x00007ffef7e29000 	C:\WINDOWS\SYSTEM32\WSOCK32.dll
0x00007fff03ea0000 - 0x00007fff03eaa000 	C:\WINDOWS\SYSTEM32\VERSION.dll
0x00007fff0d4b0000 - 0x00007fff0d51c000 	C:\WINDOWS\System32\WS2_32.dll
0x00007fff07780000 - 0x00007fff077aa000 	C:\WINDOWS\SYSTEM32\winmmbase.dll
0x00007fff0a3e0000 - 0x00007fff0a429000 	C:\WINDOWS\System32\cfgmgr32.dll
0x00007fff049b0000 - 0x00007fff049bf000 	C:\Program Files\Android\Android Studio\jre\jre\bin\verify.dll
0x00007ffefcb70000 - 0x00007ffefcb99000 	C:\Program Files\Android\Android Studio\jre\jre\bin\java.dll
0x00007fff04990000 - 0x00007fff049a6000 	C:\Program Files\Android\Android Studio\jre\jre\bin\zip.dll
0x00007fff0b070000 - 0x00007fff0c4b0000 	C:\WINDOWS\System32\SHELL32.dll
0x00007fff0a960000 - 0x00007fff0b06d000 	C:\WINDOWS\System32\windows.storage.dll
0x00007fff09f20000 - 0x00007fff09f3f000 	C:\WINDOWS\System32\profapi.dll
0x00007fff09f40000 - 0x00007fff09f8c000 	C:\WINDOWS\System32\powrprof.dll
0x00007fff09ef0000 - 0x00007fff09efa000 	C:\WINDOWS\System32\FLTLIB.DLL
0x00007fff04180000 - 0x00007fff0419a000 	C:\Program Files\Android\Android Studio\jre\jre\bin\net.dll
0x00007fff093b0000 - 0x00007fff09416000 	C:\WINDOWS\system32\mswsock.dll
0x00007fff00b60000 - 0x00007fff00b71000 	C:\Program Files\Android\Android Studio\jre\jre\bin\nio.dll
0x00007ffefcc00000 - 0x00007ffefcc1e000 	C:\Users\Ahrorus\.gradle\native\25\windows-amd64\native-platform.dll
0x00007fff04000000 - 0x00007fff0400d000 	C:\Program Files\Android\Android Studio\jre\jre\bin\management.dll
0x00007fff09c10000 - 0x00007fff09c27000 	C:\WINDOWS\SYSTEM32\CRYPTSP.dll
0x00007fff08f90000 - 0x00007fff08fc3000 	C:\WINDOWS\system32\rsaenh.dll
0x00007fff09df0000 - 0x00007fff09e18000 	C:\WINDOWS\SYSTEM32\USERENV.dll
0x00007fff09560000 - 0x00007fff0956b000 	C:\WINDOWS\SYSTEM32\CRYPTBASE.dll
0x00007fff0ccc0000 - 0x00007fff0ccc8000 	C:\WINDOWS\System32\NSI.dll
0x00007fff02050000 - 0x00007fff02066000 	C:\WINDOWS\SYSTEM32\dhcpcsvc6.DLL
0x00007fff02030000 - 0x00007fff0204a000 	C:\WINDOWS\SYSTEM32\dhcpcsvc.DLL
0x00007fff09a40000 - 0x00007fff09c09000 	C:\WINDOWS\SYSTEM32\dbghelp.dll

VM Arguments:
jvm_args: -Xmx1536M -Dfile.encoding=windows-1251 -Duser.country=US -Duser.language=en -Duser.variant 
java_command: org.gradle.launcher.daemon.bootstrap.GradleDaemon 4.1
java_class_path (initial): C:\Users\Ahrorus\.gradle\wrapper\dists\gradle-4.1-all\bzyivzo6n839fup2jbap0tjew\gradle-4.1\lib\gradle-launcher-4.1.jar
Launcher Type: SUN_STANDARD

Environment Variables:
JAVA_HOME=C:\Program Files\Android\Android Studio\jre
CLASSPATH=D:\Flutter_Projects\salaah_time\android\\gradle\wrapper\gradle-wrapper.jar
PATH=C:\WINDOWS\system32;C:\WINDOWS;C:\WINDOWS\System32\Wbem;C:\WINDOWS\System32\WindowsPowerShell\v1.0\;C:\Program Files (x86)\Skype\Phone\;C:\Program Files\Git\cmd;C:\Program Files\Dart\dart-sdk\bin;C:\WINDOWS\System32\OpenSSH\;C:\Users\Ahrorus\AppData\Local\Microsoft\WindowsApps;C:\Program Files\Flutter_SDK\flutter\bin;;C:\Program Files\Flutter_SDK\flutter\bin\mingit\cmd
USERNAME=Ahrorus
OS=Windows_NT
PROCESSOR_IDENTIFIER=Intel64 Family 6 Model 58 Stepping 9, GenuineIntel



---------------  S Y S T E M  ---------------

OS: Windows 10.0 , 64 bit Build 17134 (10.0.17134.1)

CPU:total 8 (initial active 8) (4 cores per cpu, 2 threads per core) family 6 model 58 stepping 9, cmov, cx8, fxsr, mmx, sse, sse2, sse3, ssse3, sse4.1, sse4.2, popcnt, avx, aes, clmul, erms, ht, tsc, tscinvbit, tscinv

Memory: 4k page, physical 16655772k(8028444k free), swap 18344348k(8085172k free)

vm_info: OpenJDK 64-Bit Server VM (25.152-b02) for windows-amd64 JRE (1.8.0_152-release-1024-b02), built by "builder" with MS VC++ 10.0 (VS2010)

time: Thu Jul 12 12:45:50 2018
elapsed time: 37 seconds (0d 0h 0m 37s)

